#
# A fatal error has been detected by the Java Runtime Environment:
#
#  EXCEPTION_ACCESS_VIOLATION (0xc0000005) at pc=0x00007ffa4ca3c4b8, pid=8656, tid=23880
#
# JRE version: OpenJDK Runtime Environment Temurin-21.0.8+9 (21.0.8+9) (build 21.0.8+9-LTS)
# Java VM: OpenJDK 64-Bit Server VM Temurin-21.0.8+9 (21.0.8+9-LTS, mixed mode, sharing, tiered, compressed oops, compressed class ptrs, parallel gc, windows-amd64)
# Problematic frame:
# V  [jvm.dll+0xc4b8]
#
# No core dump will be written. Minidumps are not enabled by default on client versions of Windows
#
# If you would like to submit a bug report, please visit:
#   https://github.com/adoptium/adoptium-support/issues
#

---------------  S U M M A R Y ------------

Command Line: --add-modules=ALL-SYSTEM --add-opens=java.base/java.util=ALL-UNNAMED --add-opens=java.base/java.lang=ALL-UNNAMED --add-opens=java.base/sun.nio.fs=ALL-UNNAMED -Declipse.application=org.eclipse.jdt.ls.core.id1 -Dosgi.bundles.defaultStartLevel=4 -Declipse.product=org.eclipse.jdt.ls.core.product -Djava.import.generatesMetadataFilesAtProjectRoot=false -DDetectVMInstallationsJob.disabled=true -Dfile.encoding=utf8 -XX:+UseParallelGC -XX:GCTimeRatio=4 -XX:AdaptiveSizePolicyWeight=90 -Dsun.zip.disableMemoryMapping=true -Xmx2G -Xms100m -Xlog:disable -javaagent:c:\Users\Rodrigo Luiz\.vscode\extensions\redhat.java-1.47.0-win32-x64\lombok\lombok-1.18.39-4050.jar -XX:+HeapDumpOnOutOfMemoryError -XX:HeapDumpPath=c:\Users\Rodrigo Luiz\AppData\Roaming\Code\User\workspaceStorage\7eda9bc8ac4d0420f2a13213ddb2e7c3\redhat.java -Daether.dependencyCollector.impl=bf c:\Users\Rodrigo Luiz\.vscode\extensions\redhat.java-1.47.0-win32-x64\server\plugins\org.eclipse.equinox.launcher_1.7.100.v20251014-1222.jar -configuration c:\Users\Rodrigo Luiz\AppData\Roaming\Code\User\globalStorage\redhat.java\1.47.0\config_win -data c:\Users\Rodrigo Luiz\AppData\Roaming\Code\User\workspaceStorage\7eda9bc8ac4d0420f2a13213ddb2e7c3\redhat.java\jdt_ws --pipe=\\.\pipe\lsp-e7eff271aad12d5f0fe79440cbfd18d0-sock

Host: AMD Ryzen 7 5700X 8-Core Processor             , 16 cores, 31G,  Windows 10 , 64 bit Build 19041 (10.0.19041.5915)
Time: Thu Nov  6 23:14:41 2025 Hora oficial do Brasil elapsed time: 1342.315545 seconds (0d 0h 22m 22s)

---------------  T H R E A D  ---------------

Current thread (0x00000266ef028c70):  WorkerThread "GC Thread#5"    [id=23880, stack(0x00000072e6e00000,0x00000072e6f00000) (1024K)]

Stack: [0x00000072e6e00000,0x00000072e6f00000],  sp=0x00000072e6eff838,  free space=1022k
Native frames: (J=compiled Java code, j=interpreted, Vv=VM code, C=native code)
V  [jvm.dll+0xc4b8]


siginfo: EXCEPTION_ACCESS_VIOLATION (0xc0000005), reading address 0x0000026683000032


Registers:
RAX=0x0000000000000001, RBX=0x000000008cd2d5f4, RCX=0x0000000000000000, RDX=0x00000000d59bfbb1
RSP=0x00000072e6eff838, RBP=0x00000072e6eff8c0, RSI=0x00000000d59bfbb1, RDI=0x00000266d1603f00
R8 =0x000002668300002a, R9 =0x00007ffa4d66f460, R10=0x0000026680000000, R11=0x00000266d1603f00
R12=0x0000000000000010, R13=0x000000000000000c, R14=0x00000266d1603f00, R15=0x0000000000000000
RIP=0x00007ffa4ca3c4b8, EFLAGS=0x0000000000010202

XMM[0]=0x000000c5013067c0 0x0000001180621909
XMM[1]=0x0000000000000000 0x0000000000000000
XMM[2]=0xd58932b0d5893100 0xd5892f50d5892ef0
XMM[3]=0xd5893b30d5893a20 0xd5893910d5893800
XMM[4]=0xd5894580d5894470 0xd5894360d5894250
XMM[5]=0x0000000000000000 0x0000000082cc5b10
XMM[6]=0x0000000000000000 0x0000000000000000
XMM[7]=0x0000000000000000 0x0000000000000000
XMM[8]=0x0000000000000000 0x0000000000000000
XMM[9]=0x0000000000000000 0x0000000000000000
XMM[10]=0x0000000000000000 0x0000000000000000
XMM[11]=0x0000000000000000 0x0000000000000000
XMM[12]=0x0000000000000000 0x0000000000000000
XMM[13]=0x0000000000000000 0x0000000000000000
XMM[14]=0x0000000000000000 0x0000000000000000
XMM[15]=0x0000000000000000 0x0000000000000000
  MXCSR=0x00001fa0


Register to memory mapping:

RAX=0x0000000000000001 is an unknown value
RBX=0x000000008cd2d5f4 is pointing into object: org.eclipse.jdt.internal.compiler.ast.QualifiedTypeReference 
{0x000000008cd2d5c0} - klass: 'org/eclipse/jdt/internal/compiler/ast/QualifiedTypeReference'
 - ---- fields (total size 7 words):
 - public 'sourceStart' 'I' @12  197 (0x000000c5)
 - public 'sourceEnd' 'I' @16  201 (0x000000c9)
 - public 'bits' 'I' @20  -2147483648 (0x80000000)
 - public transient '$generatedBy' 'Lorg/eclipse/jdt/internal/compiler/ast/ASTNode;' @24  a 'org/eclipse/jdt/internal/compiler/ast/MarkerAnnotation'{0x000000008cca4540} (0x8cca4540)
 - public 'statementEnd' 'I' @28  201 (0x000000c9)
 - public 'implicitConversion' 'I' @32  0 (0x00000000)
 - public 'constant' 'Lorg/eclipse/jdt/internal/compiler/impl/Constant;' @36  null (0x00000000)
 - public 'resolvedType' 'Lorg/eclipse/jdt/internal/compiler/lookup/TypeBinding;' @40  null (0x00000000)
 - public 'annotations' '[[Lorg/eclipse/jdt/internal/compiler/ast/Annotation;' @44  null (0x00000000)
 - public 'tokens' '[[C' @48  a {type array char}[3] {0x0000000080e47d30} (0x80e47d30)
 - public 'sourcePositions' '[J' @52  
[error occurred during error reporting (printing register info), id 0xc0000005, EXCEPTION_ACCESS_VIOLATION (0xc0000005) at pc=0x00007ffa4d0ed320]
RCX=0x0 is null
RDX=0x00000000d59bfbb1 points into unknown readable memory: 00 00 00 00 00 00 00
RSP=0x00000072e6eff838 points into unknown readable memory: 0x00007ffa4d13f1c8 | c8 f1 13 4d fa 7f 00 00
RBP=0x00000072e6eff8c0 points into unknown readable memory: 0x0000000000000000 | 00 00 00 00 00 00 00 00
RSI=0x00000000d59bfbb1 points into unknown readable memory: 00 00 00 00 00 00 00
RDI=0x00000266d1603f00 points into unknown readable memory: 0x00007ffa4d4c2888 | 88 28 4c 4d fa 7f 00 00
R8 =0x000002668300002a is an unknown value
R9 =0x00007ffa4d66f460 jvm.dll
R10=0x0000026680000000 is pointing into metadata
R11=0x00000266d1603f00 points into unknown readable memory: 0x00007ffa4d4c2888 | 88 28 4c 4d fa 7f 00 00
R12=0x0000000000000010 is an unknown value
R13=0x000000000000000c is an unknown value
R14=0x00000266d1603f00 points into unknown readable memory: 0x00007ffa4d4c2888 | 88 28 4c 4d fa 7f 00 00
R15=0x0 is null

Top of Stack: (sp=0x00000072e6eff838)
0x00000072e6eff838:   00007ffa4d13f1c8 000000008cd28520
0x00000072e6eff848:   00000000d59bef08 ffffffffffffffff
0x00000072e6eff858:   00000072e6a99258 000066d0e7aa8213
0x00000072e6eff868:   0000000000000001 00000072e5bff670
0x00000072e6eff878:   00000266d1603f00 000000008cd2c568
0x00000072e6eff888:   0000000000000400 00000266d10667b3
0x00000072e6eff898:   000000008ccc0000 00000000000d0000
0x00000072e6eff8a8:   00000266cf2db550 000000000000000c
0x00000072e6eff8b8:   0000000000000010 0000000000000000
0x00000072e6eff8c8:   0000000000001000 00000266d1603f00
0x00000072e6eff8d8:   000000000001b022 0000000000000fce
0x00000072e6eff8e8:   00007ffa4d13ffb9 000000008cd2d500
0x00000072e6eff8f8:   000000008ccbe038 f800000000000000
0x00000072e6eff908:   00000072e6eff900 00000072e5bff508
0x00000072e6eff918:   000000000000000c 00000266ef7a54c0
0x00000072e6eff928:   0000000000000005 000000000000000c
0x00000072e6eff938:   00000072e5bff560 00000072e6effa19
0x00000072e6eff948:   00007ffa4d14259d 00000266ef7a54c0
0x00000072e6eff958:   0000000000000000 00000072e5bff400
0x00000072e6eff968:   00000266d1603f00 00000072e5bff400
0x00000072e6eff978:   00007ffa4d142acf 00000266d1603f00
0x00000072e6eff988:   00000072e6effa19 00000266d1603f00
0x00000072e6eff998:   00000072e5bff540 00000266d1603f00
0x00000072e6eff9a8:   000000000000000c 000000000000000d
0x00000072e6eff9b8:   00000266ef75d138 00000266d1603f00
0x00000072e6eff9c8:   000000000000000c 00007ffa4d4c2b68
0x00000072e6eff9d8:   00000266d1603f00 00000072e5bff400
0x00000072e6eff9e8:   00000266e9a39a50 00000000000003d8
0x00000072e6eff9f8:   00000266e9a39a60 00000266e9a39e38
0x00000072e6effa08:   00007ffa4d4c2b58 000000000000000c
0x00000072e6effa18:   0000000000000000 0000000000000000
0x00000072e6effa28:   0000000000000000 0000000000000000 

Instructions: (pc=0x00007ffa4ca3c4b8)
0x00007ffa4ca3c3b8:   8b 5c 24 30 48 8b c2 48 83 c4 20 5f c3 cc cc cc
0x00007ffa4ca3c3c8:   cc cc cc cc cc cc cc cc 48 8b 11 e9 08 f6 ff ff
0x00007ffa4ca3c3d8:   cc cc cc cc cc cc cc cc 4c 8b c1 ba 64 60 08 00
0x00007ffa4ca3c3e8:   48 8b 0d b1 16 c8 00 e9 5c ea ff ff cc cc cc cc
0x00007ffa4ca3c3f8:   cc cc cc cc cc cc cc cc 48 8b 05 b1 66 cd 00 48
0x00007ffa4ca3c408:   8b d1 48 23 c1 48 a9 00 f0 00 00 75 5d 48 8b 05
0x00007ffa4ca3c418:   94 66 cd 00 48 23 c1 48 a9 00 f0 00 00 75 43 0f
0x00007ffa4ca3c428:   b6 c2 24 30 3c 30 74 3a 48 c1 e9 0c 48 8d 05 f5
0x00007ffa4ca3c438:   4a 94 00 83 e1 0f 8b 0c 88 48 8b 05 30 66 cd 00
0x00007ffa4ca3c448:   48 d3 ea 48 c1 e8 15 48 c1 ea 15 48 23 d0 48 8b
0x00007ffa4ca3c458:   05 13 69 cd 00 48 8b 48 60 48 8b 04 d1 48 85 c0
0x00007ffa4ca3c468:   75 08 48 8b 05 07 69 cd 00 c3 48 8b 05 f7 68 cd
0x00007ffa4ca3c478:   00 c3 cc cc cc cc cc cc 8b 05 b2 3b c2 00 c3 cc
0x00007ffa4ca3c488:   cc cc cc cc cc cc cc cc 0f b6 05 d8 50 c2 00 48
0x00007ffa4ca3c498:   8b d1 84 c0 74 16 44 8b 41 08 8b 0d 90 3b c2 00
0x00007ffa4ca3c4a8:   49 d3 e0 4c 03 05 7e 3b c2 00 eb 04 4c 8b 41 08
0x00007ffa4ca3c4b8:   45 8b 48 08 45 85 c9 7e 0e 41 f6 c1 01 75 53 41
0x00007ffa4ca3c4c8:   c1 f9 03 49 63 c1 c3 79 49 84 c0 41 b8 0c 00 00
0x00007ffa4ca3c4d8:   00 8b 05 c9 4c c2 00 b9 10 00 00 00 41 0f 45 c8
0x00007ffa4ca3c4e8:   ff c8 4c 63 c0 41 8b c1 48 c1 f8 10 0f b6 c0 48
0x00007ffa4ca3c4f8:   63 14 11 41 8b c9 83 e1 3f 48 d3 e2 49 8d 0c 10
0x00007ffa4ca3c508:   49 f7 d0 48 03 c1 49 c1 e8 03 48 c1 e8 03 49 23
0x00007ffa4ca3c518:   c0 c3 49 8b 00 49 8b c8 48 ff a0 00 01 00 00 cc
0x00007ffa4ca3c528:   cc cc cc cc cc cc cc cc 8b 44 24 30 45 03 c9 44
0x00007ffa4ca3c538:   2b 4c 24 28 83 c0 0b 44 03 ca 45 03 c8 41 03 c1
0x00007ffa4ca3c548:   c3 cc cc cc cc cc cc cc 4c 8b c2 48 8b d1 45 8b
0x00007ffa4ca3c558:   48 08 45 85 c9 7e 0e 41 f6 c1 01 75 56 41 c1 f9
0x00007ffa4ca3c568:   03 49 63 c1 c3 79 4c 80 3d f9 4f c2 00 00 b8 0c
0x00007ffa4ca3c578:   00 00 00 b9 10 00 00 00 0f 45 c8 8b 05 1f 4c c2
0x00007ffa4ca3c588:   00 ff c8 4c 63 c0 41 8b c1 48 c1 f8 10 48 63 14
0x00007ffa4ca3c598:   11 41 8b c9 83 e1 3f 0f b6 c0 48 d3 e2 49 8d 0c
0x00007ffa4ca3c5a8:   10 49 f7 d0 48 03 c1 49 c1 e8 03 48 c1 e8 03 49 


Stack slot to memory mapping:

stack at sp + 0 slots: 0x00007ffa4d13f1c8 jvm.dll
stack at sp + 1 slots: 0x000000008cd28520 is an oop: [Ljdk.internal.vm.FillerElement; 
{0x000000008cd28520} - klass: {type array int}
 - length: 14
stack at sp + 2 slots: 0x00000000d59bef08 is an oop: org.eclipse.jdt.internal.compiler.ast.MessageSend 
{0x00000000d59bef08} - klass: 'org/eclipse/jdt/internal/compiler/ast/MessageSend'
 - ---- fields (total size 16 words):
 - public 'sourceStart' 'I' @12  197 (0x000000c5)
 - public 'sourceEnd' 'I' @16  201 (0x000000c9)
 - public 'bits' 'I' @20  -2147483648 (0x80000000)
 - public transient '$generatedBy' 'Lorg/eclipse/jdt/internal/compiler/ast/ASTNode;' @24  a 'org/eclipse/jdt/internal/compiler/ast/MarkerAnnotation'{0x000000008cca4540} (0x8cca4540)
 - public 'statementEnd' 'I' @28  201 (0x000000c9)
 - public 'implicitConversion' 'I' @32  0 (0x00000000)
 - public 'constant' 'Lorg/eclipse/jdt/internal/compiler/impl/Constant;' @36  null (0x00000000)
 - public 'resolvedType' 'Lorg/eclipse/jdt/internal/compiler/lookup/TypeBinding;' @40  null (0x00000000)
 - private 'receiverIsType' 'Z' @44  false (0x00)
 - protected 'argsContainCast' 'Z' @45  false (0x00)
 - public 'argumentsHaveErrors' 'Z' @46  false (0x00)
 - public 'nameSourcePosition' 'J' @48  846108557513 (0x000000c5000000c9)
 - public 'receiver' 'Lorg/eclipse/jdt/internal/compiler/ast/Expression;' @56  a 'org/eclipse/jdt/internal/compiler/ast/SingleNameReference'{0x00000000d59bef88} (0xd59bef88)
 - public 'selector' '[C' @60  [C{0x000000008cca46a0} (0x8cca46a0)
 - public 'arguments' '[Lorg/eclipse/jdt/internal/compiler/ast/Expression;' @64  null (0x00000000)
 - public 'binding' 'Lorg/eclipse/jdt/internal/compiler/lookup/MethodBinding;' @68  null (0x00000000)
 - public 'syntheticAccessor' 'Lorg/eclipse/jdt/internal/compiler/lookup/MethodBinding;' @72  null (0x00000000)
 - public 'expectedType' 'Lorg/eclipse/jdt/internal/compiler/lookup/TypeBinding;' @76  null (0x00000000)
 - public 'actualReceiverType' 'Lorg/eclipse/jdt/internal/compiler/lookup/TypeBinding;' @80  null (0x00000000)
 - public 'valueCast' 'Lorg/eclipse/jdt/internal/compiler/lookup/TypeBinding;' @84  null (0x00000000)
 - public 'typeArguments' '[Lorg/eclipse/jdt/internal/compiler/ast/TypeReference;' @88  null (0x00000000)
 - public 'genericTypeArguments' '[Lorg/eclipse/jdt/internal/compiler/lookup/TypeBinding;' @92  null (0x00000000)
 - public 'expressionContext' 'Lorg/eclipse/jdt/internal/compiler/ast/ExpressionContext;' @96  a 'org/eclipse/jdt/internal/compiler/ast/ExpressionContext$5'{0x0000000082cc5b10} (0x82cc5b10)
 - private 'inferenceContexts' 'Ljava/util/Map;' @100  null (0x00000000)
 - private 'solutionsPerTargetType' 'Ljava/util/HashMap;' @104  null (0x00000000)
 - private 'outerInferenceContext' 'Lorg/eclipse/jdt/internal/compiler/lookup/InferenceContext18;' @108  null (0x00000000)
 - public 'argumentTypes' '[Lorg/eclipse/jdt/internal/compiler/lookup/TypeBinding;' @112  a 'org/eclipse/jdt/internal/compiler/lookup/TypeBinding'[0] {0x0000000080de2490} (0x80de2490)
 - public 'closeTracker' 'Lorg/eclipse/jdt/internal/compiler/ast/FakedTrackingVariable;' @116  null (0x00000000)
 - 'flowUpdateOnBooleanResult' 'Ljava/util/function/BiConsumer;' @120  null (0x00000000)
stack at sp + 3 slots: 0xffffffffffffffff is an unknown value
stack at sp + 4 slots: 0x00000072e6a99258 is an unknown value
stack at sp + 5 slots: 0x000066d0e7aa8213 is an unknown value
stack at sp + 6 slots: 0x0000000000000001 is an unknown value
stack at sp + 7 slots: 0x00000072e5bff670 points into unknown readable memory: 0x0000000000000000 | 00 00 00 00 00 00 00 00


---------------  P R O C E S S  ---------------

Threads class SMR info:
_java_thread_list=0x00000266f059d7b0, length=76, elements={
0x00000266d164eeb0, 0x00000266e97d2d80, 0x00000266e97d4580, 0x00000266e97d61e0,
0x00000266e97d8f00, 0x00000266e97e3ec0, 0x00000266e97e4910, 0x00000266e97e5ee0,
0x00000266e97e8db0, 0x00000266e98cccc0, 0x00000266e9b6ab60, 0x00000266efb5c720,
0x00000266efc8fd90, 0x00000266ef3ead70, 0x00000266ef9a22a0, 0x00000266efe1c2c0,
0x00000266efd85070, 0x00000266f0111d70, 0x00000266f00990e0, 0x00000266f00984d0,
0x00000266eff9dbd0, 0x00000266eff9f610, 0x00000266effa0330, 0x00000266eff9b470,
0x00000266eff993a0, 0x00000266eff9fca0, 0x00000266eff9a750, 0x00000266eff99a30,
0x00000266eff9ade0, 0x00000266eff9ceb0, 0x00000266eff9a0c0, 0x00000266eff9bb00,
0x00000266eff9e8f0, 0x00000266eff9c190, 0x00000266eff9c820, 0x00000266effa09c0,
0x00000266eff9d540, 0x00000266eff9ef80, 0x00000266f04dc700, 0x00000266f04dfb80,
0x00000266f04e1c50, 0x00000266f04e08a0, 0x00000266f04e0210, 0x00000266f04dee60,
0x00000266f04dc070, 0x00000266f04ddab0, 0x00000266f04e15c0, 0x00000266f04e3000,
0x00000266f04e2970, 0x00000266f04e0f30, 0x00000266f04e22e0, 0x00000266f04e3690,
0x00000266f04dcd90, 0x00000266f04de7d0, 0x00000266f04dd420, 0x00000266f1a84850,
0x00000266f58169f0, 0x00000266f5812ee0, 0x00000266f3d35350, 0x00000266f3d2e3c0,
0x00000266f3d34cc0, 0x00000266f3d2fe00, 0x00000266fb40eb60, 0x00000266fb40e4d0,
0x00000266fb415af0, 0x00000266fb410c30, 0x00000266fb411950, 0x00000266fb411fe0,
0x00000266fb413a20, 0x00000266fb40f880, 0x00000266f1a80020, 0x00000266f1a86290,
0x00000266f1a806b0, 0x00000266f1a813d0, 0x00000266c9bcb7c0, 0x00000266c9bd1720
}

Java Threads: ( => current thread )
  0x00000266d164eeb0 JavaThread "main"                              [_thread_blocked, id=4800, stack(0x00000072e5800000,0x00000072e5900000) (1024K)]
  0x00000266e97d2d80 JavaThread "Reference Handler"          daemon [_thread_blocked, id=10292, stack(0x00000072e5c00000,0x00000072e5d00000) (1024K)]
  0x00000266e97d4580 JavaThread "Finalizer"                  daemon [_thread_blocked, id=14076, stack(0x00000072e5d00000,0x00000072e5e00000) (1024K)]
  0x00000266e97d61e0 JavaThread "Signal Dispatcher"          daemon [_thread_blocked, id=18704, stack(0x00000072e5e00000,0x00000072e5f00000) (1024K)]
  0x00000266e97d8f00 JavaThread "Attach Listener"            daemon [_thread_blocked, id=25068, stack(0x00000072e5f00000,0x00000072e6000000) (1024K)]
  0x00000266e97e3ec0 JavaThread "Service Thread"             daemon [_thread_blocked, id=12832, stack(0x00000072e6000000,0x00000072e6100000) (1024K)]
  0x00000266e97e4910 JavaThread "Monitor Deflation Thread"   daemon [_thread_blocked, id=19820, stack(0x00000072e6100000,0x00000072e6200000) (1024K)]
  0x00000266e97e5ee0 JavaThread "C2 CompilerThread0"         daemon [_thread_blocked, id=16520, stack(0x00000072e6200000,0x00000072e6300000) (1024K)]
  0x00000266e97e8db0 JavaThread "C1 CompilerThread0"         daemon [_thread_blocked, id=13128, stack(0x00000072e6300000,0x00000072e6400000) (1024K)]
  0x00000266e98cccc0 JavaThread "Common-Cleaner"             daemon [_thread_blocked, id=23376, stack(0x00000072e6400000,0x00000072e6500000) (1024K)]
  0x00000266e9b6ab60 JavaThread "Notification Thread"        daemon [_thread_blocked, id=24896, stack(0x00000072e6800000,0x00000072e6900000) (1024K)]
  0x00000266efb5c720 JavaThread "Active Thread: Equinox Container: 197a59fd-ecf2-484c-ab16-4ebbaad7118a"        [_thread_blocked, id=11140, stack(0x00000072e7100000,0x00000072e7200000) (1024K)]
  0x00000266efc8fd90 JavaThread "Refresh Thread: Equinox Container: 197a59fd-ecf2-484c-ab16-4ebbaad7118a" daemon [_thread_blocked, id=8552, stack(0x00000072e7300000,0x00000072e7400000) (1024K)]
  0x00000266ef3ead70 JavaThread "Framework Event Dispatcher: Equinox Container: 197a59fd-ecf2-484c-ab16-4ebbaad7118a" daemon [_thread_blocked, id=13420, stack(0x00000072e7400000,0x00000072e7500000) (1024K)]
  0x00000266ef9a22a0 JavaThread "Start Level: Equinox Container: 197a59fd-ecf2-484c-ab16-4ebbaad7118a" daemon [_thread_blocked, id=16532, stack(0x00000072e7500000,0x00000072e7600000) (1024K)]
  0x00000266efe1c2c0 JavaThread "Bundle File Closer"         daemon [_thread_blocked, id=16172, stack(0x00000072e7900000,0x00000072e7a00000) (1024K)]
  0x00000266efd85070 JavaThread "SCR Component Actor"        daemon [_thread_blocked, id=1912, stack(0x00000072e7a00000,0x00000072e7b00000) (1024K)]
  0x00000266f0111d70 JavaThread "Worker-JM"                         [_thread_blocked, id=11568, stack(0x00000072e7c00000,0x00000072e7d00000) (1024K)]
  0x00000266f00990e0 JavaThread "JNA Cleaner"                daemon [_thread_blocked, id=24520, stack(0x00000072e7d00000,0x00000072e7e00000) (1024K)]
  0x00000266f00984d0 JavaThread "Java indexing"              daemon [_thread_blocked, id=2196, stack(0x00000072e8100000,0x00000072e8200000) (1024K)]
  0x00000266eff9dbd0 JavaThread "Thread-1"                   daemon [_thread_in_native, id=2516, stack(0x00000072e8600000,0x00000072e8700000) (1024K)]
  0x00000266eff9f610 JavaThread "Thread-2"                   daemon [_thread_in_native, id=9420, stack(0x00000072e8700000,0x00000072e8800000) (1024K)]
  0x00000266effa0330 JavaThread "Thread-3"                   daemon [_thread_in_native, id=17380, stack(0x00000072e8800000,0x00000072e8900000) (1024K)]
  0x00000266eff9b470 JavaThread "Thread-4"                   daemon [_thread_in_native, id=20440, stack(0x00000072e8900000,0x00000072e8a00000) (1024K)]
  0x00000266eff993a0 JavaThread "Thread-5"                   daemon [_thread_in_native, id=23128, stack(0x00000072e8a00000,0x00000072e8b00000) (1024K)]
  0x00000266eff9fca0 JavaThread "Thread-6"                   daemon [_thread_in_native, id=13704, stack(0x00000072e8b00000,0x00000072e8c00000) (1024K)]
  0x00000266eff9a750 JavaThread "Thread-7"                   daemon [_thread_in_native, id=7536, stack(0x00000072e8c00000,0x00000072e8d00000) (1024K)]
  0x00000266eff99a30 JavaThread "Thread-8"                   daemon [_thread_in_native, id=22048, stack(0x00000072e8d00000,0x00000072e8e00000) (1024K)]
  0x00000266eff9ade0 JavaThread "Thread-9"                   daemon [_thread_in_native, id=11544, stack(0x00000072e8e00000,0x00000072e8f00000) (1024K)]
  0x00000266eff9ceb0 JavaThread "Thread-10"                  daemon [_thread_in_native, id=14100, stack(0x00000072e8f00000,0x00000072e9000000) (1024K)]
  0x00000266eff9a0c0 JavaThread "Thread-11"                  daemon [_thread_in_native, id=1548, stack(0x00000072e9000000,0x00000072e9100000) (1024K)]
  0x00000266eff9bb00 JavaThread "Thread-12"                  daemon [_thread_in_native, id=21164, stack(0x00000072e9100000,0x00000072e9200000) (1024K)]
  0x00000266eff9e8f0 JavaThread "Thread-13"                  daemon [_thread_in_native, id=4880, stack(0x00000072e9200000,0x00000072e9300000) (1024K)]
  0x00000266eff9c190 JavaThread "Thread-14"                  daemon [_thread_in_native, id=12620, stack(0x00000072e9300000,0x00000072e9400000) (1024K)]
  0x00000266eff9c820 JavaThread "Thread-15"                  daemon [_thread_in_native, id=3784, stack(0x00000072e9400000,0x00000072e9500000) (1024K)]
  0x00000266effa09c0 JavaThread "Thread-16"                  daemon [_thread_in_native, id=25356, stack(0x00000072e9500000,0x00000072e9600000) (1024K)]
  0x00000266eff9d540 JavaThread "Thread-17"                  daemon [_thread_in_native, id=17808, stack(0x00000072e9600000,0x00000072e9700000) (1024K)]
  0x00000266eff9ef80 JavaThread "pool-2-thread-1"                   [_thread_blocked, id=16220, stack(0x00000072e9700000,0x00000072e9800000) (1024K)]
  0x00000266f04dc700 JavaThread "WorkspaceEventsHandler"            [_thread_blocked, id=18224, stack(0x00000072e9e00000,0x00000072e9f00000) (1024K)]
  0x00000266f04dfb80 JavaThread "pool-1-thread-1"                   [_thread_blocked, id=644, stack(0x00000072e9f00000,0x00000072ea000000) (1024K)]
  0x00000266f04e1c50 JavaThread "ForkJoinPool.commonPool-worker-1" daemon [_thread_blocked, id=1584, stack(0x00000072ea000000,0x00000072ea100000) (1024K)]
  0x00000266f04e08a0 JavaThread "ForkJoinPool.commonPool-worker-3" daemon [_thread_blocked, id=24228, stack(0x00000072ea100000,0x00000072ea200000) (1024K)]
  0x00000266f04e0210 JavaThread "ForkJoinPool.commonPool-worker-2" daemon [_thread_blocked, id=9568, stack(0x00000072ea200000,0x00000072ea300000) (1024K)]
  0x00000266f04dee60 JavaThread "ForkJoinPool.commonPool-worker-4" daemon [_thread_blocked, id=11428, stack(0x00000072ea300000,0x00000072ea400000) (1024K)]
  0x00000266f04dc070 JavaThread "ForkJoinPool.commonPool-worker-5" daemon [_thread_blocked, id=11576, stack(0x00000072ea400000,0x00000072ea500000) (1024K)]
  0x00000266f04ddab0 JavaThread "ForkJoinPool.commonPool-worker-6" daemon [_thread_blocked, id=20352, stack(0x00000072ea500000,0x00000072ea600000) (1024K)]
  0x00000266f04e15c0 JavaThread "ForkJoinPool.commonPool-worker-7" daemon [_thread_blocked, id=9648, stack(0x00000072ea600000,0x00000072ea700000) (1024K)]
  0x00000266f04e3000 JavaThread "ForkJoinPool.commonPool-worker-8" daemon [_thread_blocked, id=7732, stack(0x00000072ea700000,0x00000072ea800000) (1024K)]
  0x00000266f04e2970 JavaThread "ForkJoinPool.commonPool-worker-9" daemon [_thread_blocked, id=19672, stack(0x00000072ea800000,0x00000072ea900000) (1024K)]
  0x00000266f04e0f30 JavaThread "ForkJoinPool.commonPool-worker-10" daemon [_thread_blocked, id=24096, stack(0x00000072ea900000,0x00000072eaa00000) (1024K)]
  0x00000266f04e22e0 JavaThread "ForkJoinPool.commonPool-worker-11" daemon [_thread_blocked, id=3560, stack(0x00000072eaa00000,0x00000072eab00000) (1024K)]
  0x00000266f04e3690 JavaThread "ForkJoinPool.commonPool-worker-12" daemon [_thread_blocked, id=9616, stack(0x00000072eab00000,0x00000072eac00000) (1024K)]
  0x00000266f04dcd90 JavaThread "ForkJoinPool.commonPool-worker-13" daemon [_thread_blocked, id=15384, stack(0x00000072eac00000,0x00000072ead00000) (1024K)]
  0x00000266f04de7d0 JavaThread "ForkJoinPool.commonPool-worker-14" daemon [_thread_blocked, id=11908, stack(0x00000072ead00000,0x00000072eae00000) (1024K)]
  0x00000266f04dd420 JavaThread "ForkJoinPool.commonPool-worker-15" daemon [_thread_blocked, id=13044, stack(0x00000072eae00000,0x00000072eaf00000) (1024K)]
  0x00000266f1a84850 JavaThread "Cleaner-0"                  daemon [_thread_blocked, id=19960, stack(0x00000072eb000000,0x00000072eb100000) (1024K)]
  0x00000266f58169f0 JavaThread "Worker-17"                         [_thread_blocked, id=17056, stack(0x00000072e9a00000,0x00000072e9b00000) (1024K)]
  0x00000266f5812ee0 JavaThread "Worker-23"                         [_thread_blocked, id=15452, stack(0x00000072e5600000,0x00000072e5700000) (1024K)]
  0x00000266f3d35350 JavaThread "Worker-26"                         [_thread_blocked, id=4108, stack(0x00000072e5700000,0x00000072e5800000) (1024K)]
  0x00000266f3d2e3c0 JavaThread "Compiler Source File Reader" daemon [_thread_blocked, id=24416, stack(0x00000072e6600000,0x00000072e6700000) (1024K)]
  0x00000266f3d34cc0 JavaThread "pool-1-thread-7"                   [_thread_blocked, id=24776, stack(0x00000072e6900000,0x00000072e6a00000) (1024K)]
  0x00000266f3d2fe00 JavaThread "Worker-28"                         [_thread_blocked, id=4284, stack(0x00000072e5500000,0x00000072e5600000) (1024K)]
  0x00000266fb40eb60 JavaThread "Compiler Source File Reader" daemon [_thread_blocked, id=2496, stack(0x00000072e6500000,0x00000072e6600000) (1024K)]
  0x00000266fb40e4d0 JavaThread "Compiler Processing Task"   daemon [_thread_blocked, id=23976, stack(0x00000072e7e00000,0x00000072e7f00000) (1024K)]
  0x00000266fb415af0 JavaThread "Compiler Source File Reader" daemon [_thread_blocked, id=19284, stack(0x00000072e7f00000,0x00000072e8000000) (1024K)]
  0x00000266fb410c30 JavaThread "Compiler Source File Reader" daemon [_thread_blocked, id=16000, stack(0x00000072e8300000,0x00000072e8400000) (1024K)]
  0x00000266fb411950 JavaThread "Compiler Source File Reader" daemon [_thread_blocked, id=18968, stack(0x00000072e8400000,0x00000072e8500000) (1024K)]
  0x00000266fb411fe0 JavaThread "Compiler Source File Reader" daemon [_thread_blocked, id=24940, stack(0x00000072e8500000,0x00000072e8600000) (1024K)]
  0x00000266fb413a20 JavaThread "Compiler Source File Reader" daemon [_thread_blocked, id=23708, stack(0x00000072e9800000,0x00000072e9900000) (1024K)]
  0x00000266fb40f880 JavaThread "Compiler Source File Reader" daemon [_thread_blocked, id=14848, stack(0x00000072e9900000,0x00000072e9a00000) (1024K)]
  0x00000266f1a80020 JavaThread "Compiler Source File Reader" daemon [_thread_blocked, id=14420, stack(0x00000072e9b00000,0x00000072e9c00000) (1024K)]
  0x00000266f1a86290 JavaThread "Compiler Source File Reader" daemon [_thread_blocked, id=11844, stack(0x00000072e9d00000,0x00000072e9e00000) (1024K)]
  0x00000266f1a806b0 JavaThread "Compiler Source File Reader" daemon [_thread_blocked, id=3860, stack(0x00000072eaf00000,0x00000072eb000000) (1024K)]
  0x00000266f1a813d0 JavaThread "Worker-29"                         [_thread_blocked, id=13016, stack(0x00000072eb200000,0x00000072eb300000) (1024K)]
  0x00000266c9bcb7c0 JavaThread "C1 CompilerThread1"         daemon [_thread_blocked, id=20976, stack(0x00000072e9c00000,0x00000072e9d00000) (1024K)]
  0x00000266c9bd1720 JavaThread "C1 CompilerThread2"         daemon [_thread_blocked, id=18540, stack(0x00000072eb100000,0x00000072eb200000) (1024K)]
Total: 76

Other Threads:
  0x00000266d16045a0 VMThread "VM Thread"                           [id=25528, stack(0x00000072e5b00000,0x00000072e5c00000) (1024K)]
  0x00000266d14919e0 WatcherThread "VM Periodic Task Thread"        [id=5820, stack(0x00000072e5a00000,0x00000072e5b00000) (1024K)]
  0x00000266d166c5a0 WorkerThread "GC Thread#0"                     [id=1672, stack(0x00000072e5900000,0x00000072e5a00000) (1024K)]
  0x00000266ef7acb90 WorkerThread "GC Thread#1"                     [id=4152, stack(0x00000072e6a00000,0x00000072e6b00000) (1024K)]
  0x00000266ef7acf30 WorkerThread "GC Thread#2"                     [id=18428, stack(0x00000072e6b00000,0x00000072e6c00000) (1024K)]
  0x00000266ef028530 WorkerThread "GC Thread#3"                     [id=15252, stack(0x00000072e6c00000,0x00000072e6d00000) (1024K)]
  0x00000266ef0288d0 WorkerThread "GC Thread#4"                     [id=17716, stack(0x00000072e6d00000,0x00000072e6e00000) (1024K)]
=>0x00000266ef028c70 WorkerThread "GC Thread#5"                     [id=23880, stack(0x00000072e6e00000,0x00000072e6f00000) (1024K)]
  0x00000266ef029010 WorkerThread "GC Thread#6"                     [id=23172, stack(0x00000072e6f00000,0x00000072e7000000) (1024K)]
  0x00000266efae0cd0 WorkerThread "GC Thread#7"                     [id=4520, stack(0x00000072e7200000,0x00000072e7300000) (1024K)]
  0x00000266efe1c9e0 WorkerThread "GC Thread#8"                     [id=1148, stack(0x00000072e7600000,0x00000072e7700000) (1024K)]
  0x00000266efdeada0 WorkerThread "GC Thread#9"                     [id=20348, stack(0x00000072e7700000,0x00000072e7800000) (1024K)]
  0x00000266efdea660 WorkerThread "GC Thread#10"                    [id=3504, stack(0x00000072e7800000,0x00000072e7900000) (1024K)]
  0x00000266efde9b80 WorkerThread "GC Thread#11"                    [id=21304, stack(0x00000072e7b00000,0x00000072e7c00000) (1024K)]
  0x00000266efdea2c0 WorkerThread "GC Thread#12"                    [id=9400, stack(0x00000072e7000000,0x00000072e7100000) (1024K)]
Total: 15

Threads with active compile tasks:
Total: 0

VM state: at safepoint (normal execution)

VM Mutex/Monitor currently owned by a thread:  ([mutex/lock_event])
[0x00007ffa4d6e5458] Threads_lock - owner thread: 0x00000266d16045a0
[0x00007ffa4d6e5558] Heap_lock - owner thread: 0x00000266f04e15c0

Heap address: 0x0000000080000000, size: 2048 MB, Compressed Oops mode: 32-bit

CDS archive(s) mapped at: [0x0000026680000000-0x0000026680ba0000-0x0000026680ba0000), size 12189696, SharedBaseAddress: 0x0000026680000000, ArchiveRelocationMode: 1.
Compressed class space mapped at: 0x0000026681000000-0x00000266c1000000, reserved size: 1073741824
Narrow klass base: 0x0000026680000000, Narrow klass shift: 0, Narrow klass range: 0x100000000

GC Precious Log:
 CardTable entry size: 512
 CPUs: 16 total, 16 available
 Memory: 32694M
 Large Page Support: Disabled
 NUMA Support: Disabled
 Compressed Oops: Enabled (32-bit)
 Alignments: Space 512K, Generation 512K, Heap 2M
 Heap Min Capacity: 100M
 Heap Initial Capacity: 100M
 Heap Max Capacity: 2G
 Pre-touch: Disabled
 Parallel Workers: 13

Heap:
 PSYoungGen      total 5120K, used 4736K [0x00000000d5580000, 0x00000000d5b80000, 0x0000000100000000)
  eden space 4096K, 100% used [0x00000000d5580000,0x00000000d5980000,0x00000000d5980000)
  from space 1024K, 62% used [0x00000000d5980000,0x00000000d5a20000,0x00000000d5a80000)
  to   space 1024K, 51% used [0x00000000d5a80000,0x00000000d5b04010,0x00000000d5b80000)
 ParOldGen       total 210432K, used 210273K [0x0000000080000000, 0x000000008cd80000, 0x00000000d5580000)
  object space 210432K, 99% used [0x0000000080000000,0x000000008cd58578,0x000000008cd80000)
 Metaspace       used 96141K, committed 98112K, reserved 1179648K
  class space    used 9457K, committed 10368K, reserved 1048576K

Card table byte_map: [0x00000266d1000000,0x00000266d1410000] _byte_map_base: 0x00000266d0c00000

Marking Bits: (ParMarkBitMap*) 0x00007ffa4d6ea340
 Begin Bits: [0x00000266e3b00000, 0x00000266e5b00000)
 End Bits:   [0x00000266e5b00000, 0x00000266e7b00000)

Polling page: 0x00000266cf490000

Metaspace:

Usage:
  Non-class:     84.65 MB used.
      Class:      9.24 MB used.
       Both:     93.89 MB used.

Virtual space:
  Non-class space:      128.00 MB reserved,      85.69 MB ( 67%) committed,  2 nodes.
      Class space:        1.00 GB reserved,      10.12 MB ( <1%) committed,  1 nodes.
             Both:        1.12 GB reserved,      95.81 MB (  8%) committed. 

Chunk freelists:
   Non-Class:  10.13 MB
       Class:  5.74 MB
        Both:  15.86 MB

MaxMetaspaceSize: unlimited
CompressedClassSpaceSize: 1.00 GB
Initial GC threshold: 21.00 MB
Current GC threshold: 159.69 MB
CDS: on
 - commit_granule_bytes: 65536.
 - commit_granule_words: 8192.
 - virtual_space_node_default_size: 8388608.
 - enlarge_chunks_in_place: 1.
 - use_allocation_guard: 0.


Internal statistics:

num_allocs_failed_limit: 9.
num_arena_births: 2034.
num_arena_deaths: 76.
num_vsnodes_births: 3.
num_vsnodes_deaths: 0.
num_space_committed: 1533.
num_space_uncommitted: 0.
num_chunks_returned_to_freelist: 107.
num_chunks_taken_from_freelist: 7045.
num_chunk_merges: 23.
num_chunk_splits: 4076.
num_chunks_enlarged: 2068.
num_inconsistent_stats: 0.

CodeHeap 'non-profiled nmethods': size=119168Kb used=29606Kb max_used=31294Kb free=89561Kb
 bounds [0x00000266dc3f0000, 0x00000266de280000, 0x00000266e3850000]
CodeHeap 'profiled nmethods': size=119104Kb used=43771Kb max_used=59284Kb free=75332Kb
 bounds [0x00000266d4850000, 0x00000266d8240000, 0x00000266dbca0000]
CodeHeap 'non-nmethods': size=7488Kb used=2659Kb max_used=3295Kb free=4829Kb
 bounds [0x00000266dbca0000, 0x00000266dbff0000, 0x00000266dc3f0000]
CodeCache: size=245760Kb, used=76036Kb, max_used=93873Kb, free=169722Kb
 total_blobs=20342, nmethods=19494, adapters=745, full_count=0
Compilation: enabled, stopped_count=0, restarted_count=0

Compilation events (20 events):
Event: 1342.108 Thread 0x00000266e97e8db0 32300       3       jdk.internal.misc.TerminatingThreadLocal::register (17 bytes)
Event: 1342.108 Thread 0x00000266e97e8db0 nmethod 32300 0x00000266d5e10d90 code [0x00000266d5e10f60, 0x00000266d5e11428]
Event: 1342.130 Thread 0x00000266e97e5ee0 32301       4       org.eclipse.jdt.internal.compiler.lookup.InferenceContext18::pushBoundsTo (71 bytes)
Event: 1342.132 Thread 0x00000266e97e5ee0 nmethod 32301 0x00000266dc5c3b90 code [0x00000266dc5c3d60, 0x00000266dc5c3f98]
Event: 1342.132 Thread 0x00000266e97e5ee0 32302       4       org.eclipse.jdt.internal.compiler.lookup.BinaryTypeBinding::<init> (354 bytes)
Event: 1342.156 Thread 0x00000266e97e5ee0 nmethod 32302 0x00000266dd558490 code [0x00000266dd5587a0, 0x00000266dd559838]
Event: 1342.156 Thread 0x00000266e97e5ee0 32303       4       org.eclipse.jdt.internal.compiler.lookup.InferenceContext18::reportUncheckedConversions (103 bytes)
Event: 1342.157 Thread 0x00000266e97e5ee0 nmethod 32303 0x00000266dd0b8b10 code [0x00000266dd0b8ca0, 0x00000266dd0b8d50]
Event: 1342.180 Thread 0x00000266c9bcb7c0 32304       3       org.eclipse.jdt.internal.compiler.ast.Expression::sIsMoreSpecific (7 bytes)
Event: 1342.180 Thread 0x00000266e97e8db0 32305   !   3       org.eclipse.jdt.internal.compiler.lookup.InferenceContext18::isMoreSpecificThan (238 bytes)
Event: 1342.180 Thread 0x00000266c9bcb7c0 nmethod 32304 0x00000266d5179610 code [0x00000266d51797c0, 0x00000266d51799a8]
Event: 1342.181 Thread 0x00000266e97e8db0 nmethod 32305 0x00000266d4a76c90 code [0x00000266d4a76fc0, 0x00000266d4a780a8]
Event: 1342.184 Thread 0x00000266e97e5ee0 32306       4       org.eclipse.jdt.internal.compiler.codegen.CodeStream::invoke (27 bytes)
Event: 1342.185 Thread 0x00000266e97e5ee0 nmethod 32306 0x00000266ddeb5410 code [0x00000266ddeb55a0, 0x00000266ddeb5680]
Event: 1342.256 Thread 0x00000266c9bcb7c0 32307       1       org.eclipse.jdt.internal.compiler.ASTVisitor::visit (2 bytes)
Event: 1342.257 Thread 0x00000266c9bcb7c0 nmethod 32307 0x00000266dd598190 code [0x00000266dd598320, 0x00000266dd5983e8]
Event: 1342.282 Thread 0x00000266c9bd1720 32308       3       org.eclipse.jdt.internal.compiler.parser.Parser::hasLeadingTagComment (215 bytes)
Event: 1342.283 Thread 0x00000266c9bd1720 nmethod 32308 0x00000266d54f1b90 code [0x00000266d54f1dc0, 0x00000266d54f2570]
Event: 1342.295 Thread 0x00000266c9bd1720 32309       1       org.eclipse.jdt.internal.compiler.ast.TypeReference::isUnionType (2 bytes)
Event: 1342.295 Thread 0x00000266c9bd1720 nmethod 32309 0x00000266ddf47910 code [0x00000266ddf47aa0, 0x00000266ddf47b68]

GC Heap History (20 events):
Event: 1342.168 GC heap after
{Heap after GC invocations=5933 (full 8):
 PSYoungGen      total 5120K, used 608K [0x00000000d5580000, 0x00000000d5b80000, 0x0000000100000000)
  eden space 4096K, 0% used [0x00000000d5580000,0x00000000d5580000,0x00000000d5980000)
  from space 1024K, 59% used [0x00000000d5a80000,0x00000000d5b18000,0x00000000d5b80000)
  to   space 1024K, 0% used [0x00000000d5980000,0x00000000d5980000,0x00000000d5a80000)
 ParOldGen       total 206336K, used 205982K [0x0000000080000000, 0x000000008c980000, 0x00000000d5580000)
  object space 206336K, 99% used [0x0000000080000000,0x000000008c927ab0,0x000000008c980000)
 Metaspace       used 96139K, committed 98112K, reserved 1179648K
  class space    used 9457K, committed 10368K, reserved 1048576K
}
Event: 1342.172 GC heap before
{Heap before GC invocations=5934 (full 8):
 PSYoungGen      total 5120K, used 4704K [0x00000000d5580000, 0x00000000d5b80000, 0x0000000100000000)
  eden space 4096K, 100% used [0x00000000d5580000,0x00000000d5980000,0x00000000d5980000)
  from space 1024K, 59% used [0x00000000d5a80000,0x00000000d5b18000,0x00000000d5b80000)
  to   space 1024K, 0% used [0x00000000d5980000,0x00000000d5980000,0x00000000d5a80000)
 ParOldGen       total 206336K, used 205982K [0x0000000080000000, 0x000000008c980000, 0x00000000d5580000)
  object space 206336K, 99% used [0x0000000080000000,0x000000008c927ab0,0x000000008c980000)
 Metaspace       used 96139K, committed 98112K, reserved 1179648K
  class space    used 9457K, committed 10368K, reserved 1048576K
}
Event: 1342.172 GC heap after
{Heap after GC invocations=5934 (full 8):
 PSYoungGen      total 5120K, used 528K [0x00000000d5580000, 0x00000000d5b80000, 0x0000000100000000)
  eden space 4096K, 0% used [0x00000000d5580000,0x00000000d5580000,0x00000000d5980000)
  from space 1024K, 51% used [0x00000000d5980000,0x00000000d5a04010,0x00000000d5a80000)
  to   space 1024K, 0% used [0x00000000d5a80000,0x00000000d5a80000,0x00000000d5b80000)
 ParOldGen       total 206848K, used 206358K [0x0000000080000000, 0x000000008ca00000, 0x00000000d5580000)
  object space 206848K, 99% used [0x0000000080000000,0x000000008c985af0,0x000000008ca00000)
 Metaspace       used 96139K, committed 98112K, reserved 1179648K
  class space    used 9457K, committed 10368K, reserved 1048576K
}
Event: 1342.176 GC heap before
{Heap before GC invocations=5935 (full 8):
 PSYoungGen      total 5120K, used 4624K [0x00000000d5580000, 0x00000000d5b80000, 0x0000000100000000)
  eden space 4096K, 100% used [0x00000000d5580000,0x00000000d5980000,0x00000000d5980000)
  from space 1024K, 51% used [0x00000000d5980000,0x00000000d5a04010,0x00000000d5a80000)
  to   space 1024K, 0% used [0x00000000d5a80000,0x00000000d5a80000,0x00000000d5b80000)
 ParOldGen       total 206848K, used 206358K [0x0000000080000000, 0x000000008ca00000, 0x00000000d5580000)
  object space 206848K, 99% used [0x0000000080000000,0x000000008c985af0,0x000000008ca00000)
 Metaspace       used 96139K, committed 98112K, reserved 1179648K
  class space    used 9457K, committed 10368K, reserved 1048576K
}
Event: 1342.176 GC heap after
{Heap after GC invocations=5935 (full 8):
 PSYoungGen      total 5120K, used 608K [0x00000000d5580000, 0x00000000d5b80000, 0x0000000100000000)
  eden space 4096K, 0% used [0x00000000d5580000,0x00000000d5580000,0x00000000d5980000)
  from space 1024K, 59% used [0x00000000d5a80000,0x00000000d5b18000,0x00000000d5b80000)
  to   space 1024K, 0% used [0x00000000d5980000,0x00000000d5980000,0x00000000d5a80000)
 ParOldGen       total 206848K, used 206774K [0x0000000080000000, 0x000000008ca00000, 0x00000000d5580000)
  object space 206848K, 99% used [0x0000000080000000,0x000000008c9edb10,0x000000008ca00000)
 Metaspace       used 96139K, committed 98112K, reserved 1179648K
  class space    used 9457K, committed 10368K, reserved 1048576K
}
Event: 1342.182 GC heap before
{Heap before GC invocations=5936 (full 8):
 PSYoungGen      total 5120K, used 4704K [0x00000000d5580000, 0x00000000d5b80000, 0x0000000100000000)
  eden space 4096K, 100% used [0x00000000d5580000,0x00000000d5980000,0x00000000d5980000)
  from space 1024K, 59% used [0x00000000d5a80000,0x00000000d5b18000,0x00000000d5b80000)
  to   space 1024K, 0% used [0x00000000d5980000,0x00000000d5980000,0x00000000d5a80000)
 ParOldGen       total 206848K, used 206774K [0x0000000080000000, 0x000000008ca00000, 0x00000000d5580000)
  object space 206848K, 99% used [0x0000000080000000,0x000000008c9edb10,0x000000008ca00000)
 Metaspace       used 96139K, committed 98112K, reserved 1179648K
  class space    used 9457K, committed 10368K, reserved 1048576K
}
Event: 1342.183 GC heap after
{Heap after GC invocations=5936 (full 8):
 PSYoungGen      total 5120K, used 736K [0x00000000d5580000, 0x00000000d5b80000, 0x0000000100000000)
  eden space 4096K, 0% used [0x00000000d5580000,0x00000000d5580000,0x00000000d5980000)
  from space 1024K, 71% used [0x00000000d5980000,0x00000000d5a38020,0x00000000d5a80000)
  to   space 1024K, 0% used [0x00000000d5a80000,0x00000000d5a80000,0x00000000d5b80000)
 ParOldGen       total 207360K, used 207118K [0x0000000080000000, 0x000000008ca80000, 0x00000000d5580000)
  object space 207360K, 99% used [0x0000000080000000,0x000000008ca43b30,0x000000008ca80000)
 Metaspace       used 96139K, committed 98112K, reserved 1179648K
  class space    used 9457K, committed 10368K, reserved 1048576K
}
Event: 1342.280 GC heap before
{Heap before GC invocations=5937 (full 8):
 PSYoungGen      total 5120K, used 4832K [0x00000000d5580000, 0x00000000d5b80000, 0x0000000100000000)
  eden space 4096K, 100% used [0x00000000d5580000,0x00000000d5980000,0x00000000d5980000)
  from space 1024K, 71% used [0x00000000d5980000,0x00000000d5a38020,0x00000000d5a80000)
  to   space 1024K, 0% used [0x00000000d5a80000,0x00000000d5a80000,0x00000000d5b80000)
 ParOldGen       total 207360K, used 207118K [0x0000000080000000, 0x000000008ca80000, 0x00000000d5580000)
  object space 207360K, 99% used [0x0000000080000000,0x000000008ca43b30,0x000000008ca80000)
 Metaspace       used 96139K, committed 98112K, reserved 1179648K
  class space    used 9457K, committed 10368K, reserved 1048576K
}
Event: 1342.280 GC heap after
{Heap after GC invocations=5937 (full 8):
 PSYoungGen      total 5120K, used 682K [0x00000000d5580000, 0x00000000d5b80000, 0x0000000100000000)
  eden space 4096K, 0% used [0x00000000d5580000,0x00000000d5580000,0x00000000d5980000)
  from space 1024K, 66% used [0x00000000d5a80000,0x00000000d5b2a820,0x00000000d5b80000)
  to   space 1024K, 0% used [0x00000000d5980000,0x00000000d5980000,0x00000000d5a80000)
 ParOldGen       total 207872K, used 207518K [0x0000000080000000, 0x000000008cb00000, 0x00000000d5580000)
  object space 207872K, 99% used [0x0000000080000000,0x000000008caa7b70,0x000000008cb00000)
 Metaspace       used 96139K, committed 98112K, reserved 1179648K
  class space    used 9457K, committed 10368K, reserved 1048576K
}
Event: 1342.285 GC heap before
{Heap before GC invocations=5938 (full 8):
 PSYoungGen      total 5120K, used 4778K [0x00000000d5580000, 0x00000000d5b80000, 0x0000000100000000)
  eden space 4096K, 100% used [0x00000000d5580000,0x00000000d5980000,0x00000000d5980000)
  from space 1024K, 66% used [0x00000000d5a80000,0x00000000d5b2a820,0x00000000d5b80000)
  to   space 1024K, 0% used [0x00000000d5980000,0x00000000d5980000,0x00000000d5a80000)
 ParOldGen       total 207872K, used 207518K [0x0000000080000000, 0x000000008cb00000, 0x00000000d5580000)
  object space 207872K, 99% used [0x0000000080000000,0x000000008caa7b70,0x000000008cb00000)
 Metaspace       used 96141K, committed 98112K, reserved 1179648K
  class space    used 9457K, committed 10368K, reserved 1048576K
}
Event: 1342.286 GC heap after
{Heap after GC invocations=5938 (full 8):
 PSYoungGen      total 5120K, used 656K [0x00000000d5580000, 0x00000000d5b80000, 0x0000000100000000)
  eden space 4096K, 0% used [0x00000000d5580000,0x00000000d5580000,0x00000000d5980000)
  from space 1024K, 64% used [0x00000000d5980000,0x00000000d5a24010,0x00000000d5a80000)
  to   space 1024K, 0% used [0x00000000d5a80000,0x00000000d5a80000,0x00000000d5b80000)
 ParOldGen       total 208384K, used 208073K [0x0000000080000000, 0x000000008cb80000, 0x00000000d5580000)
  object space 208384K, 99% used [0x0000000080000000,0x000000008cb32488,0x000000008cb80000)
 Metaspace       used 96141K, committed 98112K, reserved 1179648K
  class space    used 9457K, committed 10368K, reserved 1048576K
}
Event: 1342.292 GC heap before
{Heap before GC invocations=5939 (full 8):
 PSYoungGen      total 5120K, used 4752K [0x00000000d5580000, 0x00000000d5b80000, 0x0000000100000000)
  eden space 4096K, 100% used [0x00000000d5580000,0x00000000d5980000,0x00000000d5980000)
  from space 1024K, 64% used [0x00000000d5980000,0x00000000d5a24010,0x00000000d5a80000)
  to   space 1024K, 0% used [0x00000000d5a80000,0x00000000d5a80000,0x00000000d5b80000)
 ParOldGen       total 208384K, used 208073K [0x0000000080000000, 0x000000008cb80000, 0x00000000d5580000)
  object space 208384K, 99% used [0x0000000080000000,0x000000008cb32488,0x000000008cb80000)
 Metaspace       used 96141K, committed 98112K, reserved 1179648K
  class space    used 9457K, committed 10368K, reserved 1048576K
}
Event: 1342.292 GC heap after
{Heap after GC invocations=5939 (full 8):
 PSYoungGen      total 5120K, used 672K [0x00000000d5580000, 0x00000000d5b80000, 0x0000000100000000)
  eden space 4096K, 0% used [0x00000000d5580000,0x00000000d5580000,0x00000000d5980000)
  from space 1024K, 65% used [0x00000000d5a80000,0x00000000d5b28000,0x00000000d5b80000)
  to   space 1024K, 0% used [0x00000000d5980000,0x00000000d5980000,0x00000000d5a80000)
 ParOldGen       total 208896K, used 208561K [0x0000000080000000, 0x000000008cc00000, 0x00000000d5580000)
  object space 208896K, 99% used [0x0000000080000000,0x000000008cbac4c8,0x000000008cc00000)
 Metaspace       used 96141K, committed 98112K, reserved 1179648K
  class space    used 9457K, committed 10368K, reserved 1048576K
}
Event: 1342.296 GC heap before
{Heap before GC invocations=5940 (full 8):
 PSYoungGen      total 5120K, used 4768K [0x00000000d5580000, 0x00000000d5b80000, 0x0000000100000000)
  eden space 4096K, 100% used [0x00000000d5580000,0x00000000d5980000,0x00000000d5980000)
  from space 1024K, 65% used [0x00000000d5a80000,0x00000000d5b28000,0x00000000d5b80000)
  to   space 1024K, 0% used [0x00000000d5980000,0x00000000d5980000,0x00000000d5a80000)
 ParOldGen       total 208896K, used 208561K [0x0000000080000000, 0x000000008cc00000, 0x00000000d5580000)
  object space 208896K, 99% used [0x0000000080000000,0x000000008cbac4c8,0x000000008cc00000)
 Metaspace       used 96141K, committed 98112K, reserved 1179648K
  class space    used 9457K, committed 10368K, reserved 1048576K
}
Event: 1342.296 GC heap after
{Heap after GC invocations=5940 (full 8):
 PSYoungGen      total 5120K, used 704K [0x00000000d5580000, 0x00000000d5b80000, 0x0000000100000000)
  eden space 4096K, 0% used [0x00000000d5580000,0x00000000d5580000,0x00000000d5980000)
  from space 1024K, 68% used [0x00000000d5980000,0x00000000d5a30000,0x00000000d5a80000)
  to   space 1024K, 0% used [0x00000000d5a80000,0x00000000d5a80000,0x00000000d5b80000)
 ParOldGen       total 209408K, used 209001K [0x0000000080000000, 0x000000008cc80000, 0x00000000d5580000)
  object space 209408K, 99% used [0x0000000080000000,0x000000008cc1a508,0x000000008cc80000)
 Metaspace       used 96141K, committed 98112K, reserved 1179648K
  class space    used 9457K, committed 10368K, reserved 1048576K
}
Event: 1342.300 GC heap before
{Heap before GC invocations=5941 (full 8):
 PSYoungGen      total 5120K, used 4800K [0x00000000d5580000, 0x00000000d5b80000, 0x0000000100000000)
  eden space 4096K, 100% used [0x00000000d5580000,0x00000000d5980000,0x00000000d5980000)
  from space 1024K, 68% used [0x00000000d5980000,0x00000000d5a30000,0x00000000d5a80000)
  to   space 1024K, 0% used [0x00000000d5a80000,0x00000000d5a80000,0x00000000d5b80000)
 ParOldGen       total 209408K, used 209001K [0x0000000080000000, 0x000000008cc80000, 0x00000000d5580000)
  object space 209408K, 99% used [0x0000000080000000,0x000000008cc1a508,0x000000008cc80000)
 Metaspace       used 96141K, committed 98112K, reserved 1179648K
  class space    used 9457K, committed 10368K, reserved 1048576K
}
Event: 1342.301 GC heap after
{Heap after GC invocations=5941 (full 8):
 PSYoungGen      total 5120K, used 624K [0x00000000d5580000, 0x00000000d5b80000, 0x0000000100000000)
  eden space 4096K, 0% used [0x00000000d5580000,0x00000000d5580000,0x00000000d5980000)
  from space 1024K, 60% used [0x00000000d5a80000,0x00000000d5b1c010,0x00000000d5b80000)
  to   space 1024K, 0% used [0x00000000d5980000,0x00000000d5980000,0x00000000d5a80000)
 ParOldGen       total 209920K, used 209457K [0x0000000080000000, 0x000000008cd00000, 0x00000000d5580000)
  object space 209920K, 99% used [0x0000000080000000,0x000000008cc8c508,0x000000008cd00000)
 Metaspace       used 96141K, committed 98112K, reserved 1179648K
  class space    used 9457K, committed 10368K, reserved 1048576K
}
Event: 1342.304 GC heap before
{Heap before GC invocations=5942 (full 8):
 PSYoungGen      total 5120K, used 4720K [0x00000000d5580000, 0x00000000d5b80000, 0x0000000100000000)
  eden space 4096K, 100% used [0x00000000d5580000,0x00000000d5980000,0x00000000d5980000)
  from space 1024K, 60% used [0x00000000d5a80000,0x00000000d5b1c010,0x00000000d5b80000)
  to   space 1024K, 0% used [0x00000000d5980000,0x00000000d5980000,0x00000000d5a80000)
 ParOldGen       total 209920K, used 209457K [0x0000000080000000, 0x000000008cd00000, 0x00000000d5580000)
  object space 209920K, 99% used [0x0000000080000000,0x000000008cc8c508,0x000000008cd00000)
 Metaspace       used 96141K, committed 98112K, reserved 1179648K
  class space    used 9457K, committed 10368K, reserved 1048576K
}
Event: 1342.304 GC heap after
{Heap after GC invocations=5942 (full 8):
 PSYoungGen      total 5120K, used 640K [0x00000000d5580000, 0x00000000d5b80000, 0x0000000100000000)
  eden space 4096K, 0% used [0x00000000d5580000,0x00000000d5580000,0x00000000d5980000)
  from space 1024K, 62% used [0x00000000d5980000,0x00000000d5a20000,0x00000000d5a80000)
  to   space 1024K, 0% used [0x00000000d5a80000,0x00000000d5a80000,0x00000000d5b80000)
 ParOldGen       total 209920K, used 209881K [0x0000000080000000, 0x000000008cd00000, 0x00000000d5580000)
  object space 209920K, 99% used [0x0000000080000000,0x000000008ccf6538,0x000000008cd00000)
 Metaspace       used 96141K, committed 98112K, reserved 1179648K
  class space    used 9457K, committed 10368K, reserved 1048576K
}
Event: 1342.309 GC heap before
{Heap before GC invocations=5943 (full 8):
 PSYoungGen      total 5120K, used 4736K [0x00000000d5580000, 0x00000000d5b80000, 0x0000000100000000)
  eden space 4096K, 100% used [0x00000000d5580000,0x00000000d5980000,0x00000000d5980000)
  from space 1024K, 62% used [0x00000000d5980000,0x00000000d5a20000,0x00000000d5a80000)
  to   space 1024K, 0% used [0x00000000d5a80000,0x00000000d5a80000,0x00000000d5b80000)
 ParOldGen       total 209920K, used 209881K [0x0000000080000000, 0x000000008cd00000, 0x00000000d5580000)
  object space 209920K, 99% used [0x0000000080000000,0x000000008ccf6538,0x000000008cd00000)
 Metaspace       used 96141K, committed 98112K, reserved 1179648K
  class space    used 9457K, committed 10368K, reserved 1048576K
}

Dll operation events (12 events):
Event: 0.012 Loaded shared library c:\Users\Rodrigo Luiz\.vscode\extensions\redhat.java-1.47.0-win32-x64\jre\21.0.8-win32-x86_64\bin\java.dll
Event: 0.078 Loaded shared library c:\Users\Rodrigo Luiz\.vscode\extensions\redhat.java-1.47.0-win32-x64\jre\21.0.8-win32-x86_64\bin\zip.dll
Event: 0.102 Loaded shared library C:\Users\Rodrigo Luiz\.vscode\extensions\redhat.java-1.47.0-win32-x64\jre\21.0.8-win32-x86_64\bin\instrument.dll
Event: 0.108 Loaded shared library C:\Users\Rodrigo Luiz\.vscode\extensions\redhat.java-1.47.0-win32-x64\jre\21.0.8-win32-x86_64\bin\net.dll
Event: 0.110 Loaded shared library C:\Users\Rodrigo Luiz\.vscode\extensions\redhat.java-1.47.0-win32-x64\jre\21.0.8-win32-x86_64\bin\nio.dll
Event: 0.113 Loaded shared library C:\Users\Rodrigo Luiz\.vscode\extensions\redhat.java-1.47.0-win32-x64\jre\21.0.8-win32-x86_64\bin\zip.dll
Event: 0.129 Loaded shared library C:\Users\Rodrigo Luiz\.vscode\extensions\redhat.java-1.47.0-win32-x64\jre\21.0.8-win32-x86_64\bin\jimage.dll
Event: 0.207 Loaded shared library c:\Users\Rodrigo Luiz\.vscode\extensions\redhat.java-1.47.0-win32-x64\jre\21.0.8-win32-x86_64\bin\verify.dll
Event: 1.393 Loaded shared library C:\Users\Rodrigo Luiz\AppData\Roaming\Code\User\globalStorage\redhat.java\1.47.0\config_win\org.eclipse.equinox.launcher\org.eclipse.equinox.launcher.win32.win32.x86_64_1.2.1400.v20250801-0854\eclipse_11916.dll
Event: 2.361 Loaded shared library C:\Users\Rodrigo Luiz\AppData\Local\Temp\jna-478708980\jna17852717388478912887.dll
Event: 9.783 Loaded shared library C:\Users\Rodrigo Luiz\.vscode\extensions\redhat.java-1.47.0-win32-x64\jre\21.0.8-win32-x86_64\bin\sunmscapi.dll
Event: 1218.199 Loaded shared library C:\Users\Rodrigo Luiz\.vscode\extensions\redhat.java-1.47.0-win32-x64\jre\21.0.8-win32-x86_64\bin\extnet.dll

Deoptimization events (20 events):
Event: 1341.478 Thread 0x00000266f04dfb80 Uncommon trap: trap_request=0xffffffc6 fr.pc=0x00000266ddd11728 relative=0x0000000000000288
Event: 1341.478 Thread 0x00000266f04dfb80 Uncommon trap: reason=bimorphic_or_optimized_type_check action=maybe_recompile pc=0x00000266ddd11728 method=org.eclipse.jdt.internal.compiler.ast.FieldReference.traverse(Lorg/eclipse/jdt/internal/compiler/ASTVisitor;Lorg/eclipse/jdt/internal/compiler/look
Event: 1341.478 Thread 0x00000266f04dfb80 DEOPT PACKING pc=0x00000266ddd11728 sp=0x00000072e9ffe0b0
Event: 1341.478 Thread 0x00000266f04dfb80 DEOPT UNPACKING pc=0x00000266dbcf3aa2 sp=0x00000072e9ffe070 mode 2
Event: 1341.478 Thread 0x00000266f04dfb80 Uncommon trap: trap_request=0xffffff45 fr.pc=0x00000266de178a24 relative=0x0000000000000084
Event: 1341.478 Thread 0x00000266f04dfb80 Uncommon trap: reason=unstable_if action=reinterpret pc=0x00000266de178a24 method=org.eclipse.jdt.internal.codeassist.complete.CompletionNodeDetector.visit(Lorg/eclipse/jdt/internal/compiler/ast/ASTNode;)Z @ 4 c2
Event: 1341.478 Thread 0x00000266f04dfb80 DEOPT PACKING pc=0x00000266de178a24 sp=0x00000072e9ffe110
Event: 1341.478 Thread 0x00000266f04dfb80 DEOPT UNPACKING pc=0x00000266dbcf3aa2 sp=0x00000072e9ffe0b0 mode 2
Event: 1341.478 Thread 0x00000266f04dfb80 Uncommon trap: trap_request=0xffffff45 fr.pc=0x00000266de178e00 relative=0x0000000000000140
Event: 1341.478 Thread 0x00000266f04dfb80 Uncommon trap: reason=unstable_if action=reinterpret pc=0x00000266de178e00 method=org.eclipse.jdt.internal.codeassist.complete.CompletionNodeDetector.endVisit(Lorg/eclipse/jdt/internal/compiler/ast/ASTNode;)V @ 5 c2
Event: 1341.478 Thread 0x00000266f04dfb80 DEOPT PACKING pc=0x00000266de178e00 sp=0x00000072e9ffe110
Event: 1341.478 Thread 0x00000266f04dfb80 DEOPT UNPACKING pc=0x00000266dbcf3aa2 sp=0x00000072e9ffe0a8 mode 2
Event: 1341.494 Thread 0x00000266f04dfb80 Uncommon trap: trap_request=0xffffffc6 fr.pc=0x00000266dda60b68 relative=0x00000000000003c8
Event: 1341.494 Thread 0x00000266f04dfb80 Uncommon trap: reason=bimorphic_or_optimized_type_check action=maybe_recompile pc=0x00000266dda60b68 method=org.eclipse.jdt.internal.compiler.lookup.MethodBinding.canBeSeenBy(Lorg/eclipse/jdt/internal/compiler/lookup/TypeBinding;Lorg/eclipse/jdt/internal/
Event: 1341.494 Thread 0x00000266f04dfb80 DEOPT PACKING pc=0x00000266dda60b68 sp=0x00000072e9ffe310
Event: 1341.494 Thread 0x00000266f04dfb80 DEOPT UNPACKING pc=0x00000266dbcf3aa2 sp=0x00000072e9ffe2b8 mode 2
Event: 1341.494 Thread 0x00000266f04dfb80 Uncommon trap: trap_request=0xffffffc6 fr.pc=0x00000266dda60b68 relative=0x00000000000003c8
Event: 1341.494 Thread 0x00000266f04dfb80 Uncommon trap: reason=bimorphic_or_optimized_type_check action=maybe_recompile pc=0x00000266dda60b68 method=org.eclipse.jdt.internal.compiler.lookup.MethodBinding.canBeSeenBy(Lorg/eclipse/jdt/internal/compiler/lookup/TypeBinding;Lorg/eclipse/jdt/internal/
Event: 1341.494 Thread 0x00000266f04dfb80 DEOPT PACKING pc=0x00000266dda60b68 sp=0x00000072e9ffe310
Event: 1341.494 Thread 0x00000266f04dfb80 DEOPT UNPACKING pc=0x00000266dbcf3aa2 sp=0x00000072e9ffe2b8 mode 2

Classes loaded (20 events):
Event: 1219.388 Loading class sun/net/www/http/ChunkedInputStream
Event: 1219.388 Loading class sun/net/www/http/ChunkedInputStream done
Event: 1219.389 Loading class sun/net/www/http/KeepAliveCache$1
Event: 1219.389 Loading class sun/net/www/http/KeepAliveCache$1 done
Event: 1219.390 Loading class sun/net/www/http/KeepAliveCache$ClientVector
Event: 1219.390 Loading class sun/net/www/http/KeepAliveCache$ClientVector done
Event: 1219.392 Loading class sun/net/www/http/KeepAliveEntry
Event: 1219.392 Loading class sun/net/www/http/KeepAliveEntry done
Event: 1224.400 Loading class sun/security/ssl/Alert
Event: 1224.400 Loading class sun/security/ssl/Alert done
Event: 1224.400 Loading class sun/security/ssl/Alert$AlertConsumer
Event: 1224.400 Loading class sun/security/ssl/Alert$AlertConsumer done
Event: 1224.400 Loading class sun/security/ssl/Alert$Level
Event: 1224.400 Loading class sun/security/ssl/Alert$Level done
Event: 1225.826 Loading class jdk/internal/module/IllegalAccessLogger
Event: 1225.826 Loading class jdk/internal/module/IllegalAccessLogger done
Event: 1329.356 Loading class jdk/internal/module/IllegalAccessLogger
Event: 1329.356 Loading class jdk/internal/module/IllegalAccessLogger done
Event: 1329.519 Loading class jdk/internal/module/IllegalAccessLogger
Event: 1329.519 Loading class jdk/internal/module/IllegalAccessLogger done

Classes unloaded (20 events):
Event: 19.332 Thread 0x00000266d16045a0 Unloading class 0x0000026681745000 'java/lang/invoke/LambdaForm$MH+0x0000026681745000'
Event: 19.332 Thread 0x00000266d16045a0 Unloading class 0x0000026681744800 'java/lang/invoke/LambdaForm$MH+0x0000026681744800'
Event: 19.332 Thread 0x00000266d16045a0 Unloading class 0x0000026681744000 'java/lang/invoke/LambdaForm$DMH+0x0000026681744000'
Event: 19.332 Thread 0x00000266d16045a0 Unloading class 0x000002668173c800 'java/lang/invoke/LambdaForm$MH+0x000002668173c800'
Event: 19.332 Thread 0x00000266d16045a0 Unloading class 0x000002668173c000 'java/lang/invoke/LambdaForm$MH+0x000002668173c000'
Event: 19.332 Thread 0x00000266d16045a0 Unloading class 0x000002668173b800 'java/lang/invoke/LambdaForm$MH+0x000002668173b800'
Event: 19.332 Thread 0x00000266d16045a0 Unloading class 0x000002668173b000 'java/lang/invoke/LambdaForm$MH+0x000002668173b000'
Event: 19.332 Thread 0x00000266d16045a0 Unloading class 0x000002668173a800 'java/lang/invoke/LambdaForm$MH+0x000002668173a800'
Event: 19.332 Thread 0x00000266d16045a0 Unloading class 0x000002668173a000 'java/lang/invoke/LambdaForm$MH+0x000002668173a000'
Event: 19.332 Thread 0x00000266d16045a0 Unloading class 0x0000026681739800 'java/lang/invoke/LambdaForm$MH+0x0000026681739800'
Event: 19.332 Thread 0x00000266d16045a0 Unloading class 0x0000026681739000 'java/lang/invoke/LambdaForm$MH+0x0000026681739000'
Event: 19.332 Thread 0x00000266d16045a0 Unloading class 0x0000026681738800 'java/lang/invoke/LambdaForm$BMH+0x0000026681738800'
Event: 19.332 Thread 0x00000266d16045a0 Unloading class 0x0000026681738400 'java/lang/invoke/LambdaForm$DMH+0x0000026681738400'
Event: 19.332 Thread 0x00000266d16045a0 Unloading class 0x0000026681733800 'java/lang/invoke/LambdaForm$DMH+0x0000026681733800'
Event: 19.332 Thread 0x00000266d16045a0 Unloading class 0x000002668172a400 'java/lang/invoke/LambdaForm$MH+0x000002668172a400'
Event: 19.332 Thread 0x00000266d16045a0 Unloading class 0x0000026681729c00 'java/lang/invoke/LambdaForm$MH+0x0000026681729c00'
Event: 19.332 Thread 0x00000266d16045a0 Unloading class 0x0000026681729400 'java/lang/invoke/LambdaForm$MH+0x0000026681729400'
Event: 19.332 Thread 0x00000266d16045a0 Unloading class 0x0000026681729000 'java/lang/invoke/LambdaForm$DMH+0x0000026681729000'
Event: 19.332 Thread 0x00000266d16045a0 Unloading class 0x0000026681728800 'java/lang/invoke/LambdaForm$DMH+0x0000026681728800'
Event: 19.332 Thread 0x00000266d16045a0 Unloading class 0x0000026681710400 'java/lang/invoke/LambdaForm$DMH+0x0000026681710400'

Classes redefined (0 events):
No events

Internal exceptions (20 events):
Event: 1341.457 Thread 0x00000266f04dfb80 Exception <a 'java/lang/ArrayIndexOutOfBoundsException'{0x00000000d57cf730}: Index 16313 out of bounds for length 16313> (0x00000000d57cf730) 
thrown [s\src\hotspot\share\interpreter\interpreterRuntime.cpp, line 439]
Event: 1341.488 Thread 0x00000266f5812ee0 Implicit null exception at 0x00000266d539a09b to 0x00000266d539a655
Event: 1341.488 Thread 0x00000266f5812ee0 Exception <a 'java/lang/NullPointerException'{0x00000000d56e7c20}> (0x00000000d56e7c20) 
thrown [s\src\hotspot\share\runtime\sharedRuntime.cpp, line 625]
Event: 1341.499 Thread 0x00000266f04dfb80 Implicit null exception at 0x00000266d539a09b to 0x00000266d539a655
Event: 1341.499 Thread 0x00000266f04dfb80 Exception <a 'java/lang/NullPointerException'{0x00000000d58100f8}> (0x00000000d58100f8) 
thrown [s\src\hotspot\share\runtime\sharedRuntime.cpp, line 625]
Event: 1341.582 Thread 0x00000266f3d34cc0 Exception <a 'java/lang/NoClassDefFoundError'{0x00000000d55b7c78}: org/eclipse/jdt/internal/ui/text/javadoc/JavadocContentAccess2> (0x00000000d55b7c78) 
thrown [s\src\hotspot\share\classfile\systemDictionary.cpp, line 301]
Event: 1341.582 Thread 0x00000266f3d34cc0 Exception <a 'java/lang/NoClassDefFoundError'{0x00000000d55b82f8}: org/eclipse/jdt/internal/ui/text/javadoc/JavadocContentAccess2> (0x00000000d55b82f8) 
thrown [s\src\hotspot\share\oops\constantPool.cpp, line 873]
Event: 1341.583 Thread 0x00000266f3d34cc0 Exception <a 'java/lang/NoSuchMethodError'{0x00000000d55c81b0}: 'java.lang.Object java.lang.invoke.DirectMethodHandle$Holder.invokeVirtual(java.lang.Object, java.lang.Object, java.lang.Object, java.lang.Object, java.lang.Object)'> (0x00000000d55c81b0) 
thrown [s\src\hotspot\share\interpreter\linkResolver.cpp, line 773]
Event: 1341.696 Thread 0x00000266f1a813d0 Implicit null exception at 0x00000266d539a09b to 0x00000266d539a655
Event: 1341.696 Thread 0x00000266f1a813d0 Exception <a 'java/lang/NullPointerException'{0x00000000d57c93f8}> (0x00000000d57c93f8) 
thrown [s\src\hotspot\share\runtime\sharedRuntime.cpp, line 625]
Event: 1341.759 Thread 0x00000266f04e15c0 Implicit null exception at 0x00000266d539a09b to 0x00000266d539a655
Event: 1341.759 Thread 0x00000266f04e15c0 Exception <a 'java/lang/NullPointerException'{0x00000000d5931528}> (0x00000000d5931528) 
thrown [s\src\hotspot\share\runtime\sharedRuntime.cpp, line 625]
Event: 1342.107 Thread 0x00000266f1a813d0 Implicit null exception at 0x00000266d539a09b to 0x00000266d539a655
Event: 1342.107 Thread 0x00000266f1a813d0 Exception <a 'java/lang/NullPointerException'{0x00000000d56ce528}> (0x00000000d56ce528) 
thrown [s\src\hotspot\share\runtime\sharedRuntime.cpp, line 625]
Event: 1342.148 Thread 0x00000266f1a813d0 Implicit null exception at 0x00000266d539a09b to 0x00000266d539a655
Event: 1342.148 Thread 0x00000266f1a813d0 Exception <a 'java/lang/NullPointerException'{0x00000000d5859c48}> (0x00000000d5859c48) 
thrown [s\src\hotspot\share\runtime\sharedRuntime.cpp, line 625]
Event: 1342.256 Thread 0x00000266f58169f0 Implicit null exception at 0x00000266d539a09b to 0x00000266d539a655
Event: 1342.256 Thread 0x00000266f58169f0 Exception <a 'java/lang/NullPointerException'{0x00000000d567bcf0}> (0x00000000d567bcf0) 
thrown [s\src\hotspot\share\runtime\sharedRuntime.cpp, line 625]
Event: 1342.282 Thread 0x00000266f04e15c0 Implicit null exception at 0x00000266d539a09b to 0x00000266d539a655
Event: 1342.282 Thread 0x00000266f04e15c0 Exception <a 'java/lang/NullPointerException'{0x00000000d57e02b8}> (0x00000000d57e02b8) 
thrown [s\src\hotspot\share\runtime\sharedRuntime.cpp, line 625]

ZGC Phase Switch (0 events):
No events

VM Operations (20 events):
Event: 1342.168 Executing VM operation: ParallelGCFailedAllocation (Allocation Failure) done
Event: 1342.172 Executing VM operation: ParallelGCFailedAllocation (Allocation Failure)
Event: 1342.172 Executing VM operation: ParallelGCFailedAllocation (Allocation Failure) done
Event: 1342.176 Executing VM operation: ParallelGCFailedAllocation (Allocation Failure)
Event: 1342.177 Executing VM operation: ParallelGCFailedAllocation (Allocation Failure) done
Event: 1342.182 Executing VM operation: ParallelGCFailedAllocation (Allocation Failure)
Event: 1342.183 Executing VM operation: ParallelGCFailedAllocation (Allocation Failure) done
Event: 1342.280 Executing VM operation: ParallelGCFailedAllocation (Allocation Failure)
Event: 1342.280 Executing VM operation: ParallelGCFailedAllocation (Allocation Failure) done
Event: 1342.285 Executing VM operation: ParallelGCFailedAllocation (Allocation Failure)
Event: 1342.286 Executing VM operation: ParallelGCFailedAllocation (Allocation Failure) done
Event: 1342.292 Executing VM operation: ParallelGCFailedAllocation (Allocation Failure)
Event: 1342.292 Executing VM operation: ParallelGCFailedAllocation (Allocation Failure) done
Event: 1342.296 Executing VM operation: ParallelGCFailedAllocation (Allocation Failure)
Event: 1342.296 Executing VM operation: ParallelGCFailedAllocation (Allocation Failure) done
Event: 1342.300 Executing VM operation: ParallelGCFailedAllocation (Allocation Failure)
Event: 1342.301 Executing VM operation: ParallelGCFailedAllocation (Allocation Failure) done
Event: 1342.304 Executing VM operation: ParallelGCFailedAllocation (Allocation Failure)
Event: 1342.304 Executing VM operation: ParallelGCFailedAllocation (Allocation Failure) done
Event: 1342.309 Executing VM operation: ParallelGCFailedAllocation (Allocation Failure)

Memory protections (0 events):
No events

Nmethod flushes (20 events):
Event: 1338.570 Thread 0x00000266d16045a0 flushing  nmethod 0x00000266d800d290
Event: 1338.570 Thread 0x00000266d16045a0 flushing  nmethod 0x00000266d800d690
Event: 1338.570 Thread 0x00000266d16045a0 flushing osr nmethod 0x00000266d800dd90
Event: 1338.570 Thread 0x00000266d16045a0 flushing  nmethod 0x00000266d8038190
Event: 1338.570 Thread 0x00000266d16045a0 flushing  nmethod 0x00000266d803be10
Event: 1338.570 Thread 0x00000266d16045a0 flushing  nmethod 0x00000266d803cf10
Event: 1338.570 Thread 0x00000266d16045a0 flushing  nmethod 0x00000266d8066790
Event: 1338.570 Thread 0x00000266d16045a0 flushing  nmethod 0x00000266d809a890
Event: 1338.570 Thread 0x00000266d16045a0 flushing  nmethod 0x00000266d80ca590
Event: 1338.570 Thread 0x00000266d16045a0 flushing  nmethod 0x00000266d80da910
Event: 1338.570 Thread 0x00000266d16045a0 flushing  nmethod 0x00000266d8115690
Event: 1338.570 Thread 0x00000266d16045a0 flushing  nmethod 0x00000266d814ce10
Event: 1338.570 Thread 0x00000266d16045a0 flushing  nmethod 0x00000266d8163290
Event: 1338.570 Thread 0x00000266d16045a0 flushing  nmethod 0x00000266d8176010
Event: 1338.570 Thread 0x00000266d16045a0 flushing  nmethod 0x00000266d8179210
Event: 1338.570 Thread 0x00000266d16045a0 flushing  nmethod 0x00000266d81c0410
Event: 1338.570 Thread 0x00000266d16045a0 flushing  nmethod 0x00000266d81cde90
Event: 1338.570 Thread 0x00000266d16045a0 flushing  nmethod 0x00000266d8210d90
Event: 1338.570 Thread 0x00000266d16045a0 flushing  nmethod 0x00000266d8222a10
Event: 1338.570 Thread 0x00000266d16045a0 flushing  nmethod 0x00000266d8227290

Events (20 events):
Event: 1329.368 Thread 0x00000266f5812ee0 Thread added: 0x00000266fb413a20
Event: 1329.368 Thread 0x00000266f5812ee0 Thread added: 0x00000266fb40f880
Event: 1329.368 Thread 0x00000266fb411950 Thread added: 0x00000266f1a80020
Event: 1329.473 Thread 0x00000266e97e8db0 Thread added: 0x00000266c9bcd9d0
Event: 1329.488 Thread 0x00000266f5812ee0 Thread added: 0x00000266f1a86290
Event: 1329.488 Thread 0x00000266f5812ee0 Thread added: 0x00000266f1a806b0
Event: 1329.599 Thread 0x00000266c9bcd9d0 Thread added: 0x00000266c9bce0a0
Event: 1329.641 Thread 0x00000266f58169f0 Thread added: 0x00000266f1a813d0
Event: 1330.079 Thread 0x00000266c9bce0a0 Thread exited: 0x00000266c9bce0a0
Event: 1330.079 Thread 0x00000266c9bcd9d0 Thread exited: 0x00000266c9bcd9d0
Event: 1330.462 Thread 0x00000266e97e5ee0 Thread added: 0x00000266c9bd1df0
Event: 1335.971 Thread 0x00000266c9bd1df0 Thread exited: 0x00000266c9bd1df0
Event: 1336.178 Thread 0x00000266e97e8db0 Thread added: 0x00000266c9bcb7c0
Event: 1336.178 Thread 0x00000266e97e8db0 Thread added: 0x00000266c9bd1720
Event: 1336.178 Thread 0x00000266e97e8db0 Thread added: 0x00000266c9bd02b0
Event: 1336.262 Thread 0x00000266e97e8db0 Thread added: 0x00000266c9bd0980
Event: 1336.774 Thread 0x00000266c9bd0980 Thread exited: 0x00000266c9bd0980
Event: 1341.456 Thread 0x00000266c9bd02b0 Thread exited: 0x00000266c9bd02b0
Event: 1341.949 Thread 0x00000266c9bd1720 Thread added: 0x00000266c9bce0a0
Event: 1342.130 Thread 0x00000266c9bce0a0 Thread exited: 0x00000266c9bce0a0


Dynamic libraries:
0x00007ff65ba40000 - 0x00007ff65ba4e000 	c:\Users\Rodrigo Luiz\.vscode\extensions\redhat.java-1.47.0-win32-x64\jre\21.0.8-win32-x86_64\bin\java.exe
0x00007ffb3fc30000 - 0x00007ffb3fe28000 	C:\Windows\SYSTEM32\ntdll.dll
0x00007ffb3fa50000 - 0x00007ffb3fb12000 	C:\Windows\System32\KERNEL32.DLL
0x00007ffb3d5d0000 - 0x00007ffb3d8c6000 	C:\Windows\System32\KERNELBASE.dll
0x00007ffb3d420000 - 0x00007ffb3d520000 	C:\Windows\System32\ucrtbase.dll
0x00007ffb29320000 - 0x00007ffb29338000 	c:\Users\Rodrigo Luiz\.vscode\extensions\redhat.java-1.47.0-win32-x64\jre\21.0.8-win32-x86_64\bin\jli.dll
0x00007ffb275a0000 - 0x00007ffb275be000 	c:\Users\Rodrigo Luiz\.vscode\extensions\redhat.java-1.47.0-win32-x64\jre\21.0.8-win32-x86_64\bin\VCRUNTIME140.dll
0x00007ffb3e280000 - 0x00007ffb3e421000 	C:\Windows\System32\USER32.dll
0x00007ffb3d960000 - 0x00007ffb3d982000 	C:\Windows\System32\win32u.dll
0x00007ffb3f530000 - 0x00007ffb3f55b000 	C:\Windows\System32\GDI32.dll
0x00007ffb2dc00000 - 0x00007ffb2de9b000 	C:\Windows\WinSxS\amd64_microsoft.windows.common-controls_6595b64144ccf1df_6.0.19041.6456_none_60b8a6cb71f64256\COMCTL32.dll
0x00007ffb3d9e0000 - 0x00007ffb3daf9000 	C:\Windows\System32\gdi32full.dll
0x00007ffb3dbb0000 - 0x00007ffb3dc4d000 	C:\Windows\System32\msvcp_win.dll
0x00007ffb3f8b0000 - 0x00007ffb3f94e000 	C:\Windows\System32\msvcrt.dll
0x00007ffb3fbc0000 - 0x00007ffb3fbef000 	C:\Windows\System32\IMM32.DLL
0x00007ffb38890000 - 0x00007ffb3889c000 	c:\Users\Rodrigo Luiz\.vscode\extensions\redhat.java-1.47.0-win32-x64\jre\21.0.8-win32-x86_64\bin\vcruntime140_1.dll
0x00007ffb14330000 - 0x00007ffb143bd000 	c:\Users\Rodrigo Luiz\.vscode\extensions\redhat.java-1.47.0-win32-x64\jre\21.0.8-win32-x86_64\bin\msvcp140.dll
0x00007ffa4ca30000 - 0x00007ffa4d7c7000 	c:\Users\Rodrigo Luiz\.vscode\extensions\redhat.java-1.47.0-win32-x64\jre\21.0.8-win32-x86_64\bin\server\jvm.dll
0x00007ffb3e630000 - 0x00007ffb3e6e1000 	C:\Windows\System32\ADVAPI32.dll
0x00007ffb3fb20000 - 0x00007ffb3fbbf000 	C:\Windows\System32\sechost.dll
0x00007ffb3e7a0000 - 0x00007ffb3e8c0000 	C:\Windows\System32\RPCRT4.dll
0x00007ffb3d520000 - 0x00007ffb3d547000 	C:\Windows\System32\bcrypt.dll
0x00007ffb3ec20000 - 0x00007ffb3ec8b000 	C:\Windows\System32\WS2_32.dll
0x00007ffb3c7c0000 - 0x00007ffb3c80b000 	C:\Windows\SYSTEM32\POWRPROF.dll
0x00007ffb340e0000 - 0x00007ffb34107000 	C:\Windows\SYSTEM32\WINMM.dll
0x00007ffb34720000 - 0x00007ffb3472a000 	C:\Windows\SYSTEM32\VERSION.dll
0x00007ffb3c680000 - 0x00007ffb3c692000 	C:\Windows\SYSTEM32\UMPDC.dll
0x00007ffb3b110000 - 0x00007ffb3b122000 	C:\Windows\SYSTEM32\kernel.appcore.dll
0x00007ffb31cf0000 - 0x00007ffb31cfa000 	c:\Users\Rodrigo Luiz\.vscode\extensions\redhat.java-1.47.0-win32-x64\jre\21.0.8-win32-x86_64\bin\jimage.dll
0x00007ffb362b0000 - 0x00007ffb364b1000 	C:\Windows\SYSTEM32\DBGHELP.DLL
0x00007ffb1a270000 - 0x00007ffb1a2a4000 	C:\Windows\SYSTEM32\dbgcore.DLL
0x00007ffb3d8d0000 - 0x00007ffb3d952000 	C:\Windows\System32\bcryptPrimitives.dll
0x00007ffb31bd0000 - 0x00007ffb31bdf000 	c:\Users\Rodrigo Luiz\.vscode\extensions\redhat.java-1.47.0-win32-x64\jre\21.0.8-win32-x86_64\bin\instrument.dll
0x00007ffb26410000 - 0x00007ffb2642f000 	c:\Users\Rodrigo Luiz\.vscode\extensions\redhat.java-1.47.0-win32-x64\jre\21.0.8-win32-x86_64\bin\java.dll
0x00007ffb3ec90000 - 0x00007ffb3f400000 	C:\Windows\System32\SHELL32.dll
0x00007ffb3b310000 - 0x00007ffb3bab5000 	C:\Windows\SYSTEM32\windows.storage.dll
0x00007ffb3e8c0000 - 0x00007ffb3ec14000 	C:\Windows\System32\combase.dll
0x00007ffb3cc10000 - 0x00007ffb3cc3b000 	C:\Windows\SYSTEM32\Wldp.dll
0x00007ffb3f7e0000 - 0x00007ffb3f8ad000 	C:\Windows\System32\OLEAUT32.dll
0x00007ffb3dc50000 - 0x00007ffb3dcfd000 	C:\Windows\System32\SHCORE.dll
0x00007ffb3e5d0000 - 0x00007ffb3e62b000 	C:\Windows\System32\shlwapi.dll
0x00007ffb3d1f0000 - 0x00007ffb3d214000 	C:\Windows\SYSTEM32\profapi.dll
0x00007ffb26190000 - 0x00007ffb261a8000 	c:\Users\Rodrigo Luiz\.vscode\extensions\redhat.java-1.47.0-win32-x64\jre\21.0.8-win32-x86_64\bin\zip.dll
0x00007ffb31a00000 - 0x00007ffb31a10000 	C:\Users\Rodrigo Luiz\.vscode\extensions\redhat.java-1.47.0-win32-x64\jre\21.0.8-win32-x86_64\bin\net.dll
0x00007ffb379a0000 - 0x00007ffb37aaa000 	C:\Windows\SYSTEM32\WINHTTP.dll
0x00007ffb3c9f0000 - 0x00007ffb3ca5a000 	C:\Windows\system32\mswsock.dll
0x00007ffb242a0000 - 0x00007ffb242b6000 	C:\Users\Rodrigo Luiz\.vscode\extensions\redhat.java-1.47.0-win32-x64\jre\21.0.8-win32-x86_64\bin\nio.dll
0x00007ffb31650000 - 0x00007ffb31660000 	c:\Users\Rodrigo Luiz\.vscode\extensions\redhat.java-1.47.0-win32-x64\jre\21.0.8-win32-x86_64\bin\verify.dll
0x00007ffb15840000 - 0x00007ffb15884000 	C:\Users\Rodrigo Luiz\AppData\Roaming\Code\User\globalStorage\redhat.java\1.47.0\config_win\org.eclipse.equinox.launcher\org.eclipse.equinox.launcher.win32.win32.x86_64_1.2.1400.v20250801-0854\eclipse_11916.dll
0x00007ffb3f400000 - 0x00007ffb3f52b000 	C:\Windows\System32\ole32.dll
0x00007ffb3cc50000 - 0x00007ffb3cc68000 	C:\Windows\SYSTEM32\CRYPTSP.dll
0x00007ffb3c2c0000 - 0x00007ffb3c2f8000 	C:\Windows\system32\rsaenh.dll
0x00007ffb3d170000 - 0x00007ffb3d19e000 	C:\Windows\SYSTEM32\USERENV.dll
0x00007ffb3cb80000 - 0x00007ffb3cb8c000 	C:\Windows\SYSTEM32\CRYPTBASE.dll
0x00007ffb3c6a0000 - 0x00007ffb3c6db000 	C:\Windows\SYSTEM32\IPHLPAPI.DLL
0x00007ffb3e5c0000 - 0x00007ffb3e5c8000 	C:\Windows\System32\NSI.dll
0x00007ffb08d60000 - 0x00007ffb08da9000 	C:\Users\Rodrigo Luiz\AppData\Local\Temp\jna-478708980\jna17852717388478912887.dll
0x00007ffb3e430000 - 0x00007ffb3e438000 	C:\Windows\System32\PSAPI.DLL
0x00007ffb38070000 - 0x00007ffb38087000 	C:\Windows\SYSTEM32\dhcpcsvc6.DLL
0x00007ffb38030000 - 0x00007ffb3804d000 	C:\Windows\SYSTEM32\dhcpcsvc.DLL
0x00007ffb30c80000 - 0x00007ffb30c8e000 	C:\Users\Rodrigo Luiz\.vscode\extensions\redhat.java-1.47.0-win32-x64\jre\21.0.8-win32-x86_64\bin\sunmscapi.dll
0x00007ffb3d2c0000 - 0x00007ffb3d41d000 	C:\Windows\System32\CRYPT32.dll
0x00007ffb3cd60000 - 0x00007ffb3cd87000 	C:\Windows\SYSTEM32\ncrypt.dll
0x00007ffb3cd20000 - 0x00007ffb3cd5b000 	C:\Windows\SYSTEM32\NTASN1.dll
0x00007ffb3c6f0000 - 0x00007ffb3c7ba000 	C:\Windows\SYSTEM32\DNSAPI.dll
0x00007ffb2fb90000 - 0x00007ffb2fb9a000 	C:\Windows\System32\rasadhlp.dll
0x00007ffb375c0000 - 0x00007ffb37640000 	C:\Windows\System32\fwpuclnt.dll
0x00007ffb27930000 - 0x00007ffb27939000 	C:\Users\Rodrigo Luiz\.vscode\extensions\redhat.java-1.47.0-win32-x64\jre\21.0.8-win32-x86_64\bin\extnet.dll

JVMTI agents:
c:\Users\Rodrigo Luiz\.vscode\extensions\redhat.java-1.47.0-win32-x64\lombok\lombok-1.18.39-4050.jar path:c:\Users\Rodrigo Luiz\.vscode\extensions\redhat.java-1.47.0-win32-x64\jre\21.0.8-win32-x86_64\bin\instrument.dll, loaded, initialized, instrumentlib options:none

dbghelp: loaded successfully - version: 4.0.5 - missing functions: none
symbol engine: initialized successfully - sym options: 0x614 - pdb path: .;c:\Users\Rodrigo Luiz\.vscode\extensions\redhat.java-1.47.0-win32-x64\jre\21.0.8-win32-x86_64\bin;C:\Windows\SYSTEM32;C:\Windows\WinSxS\amd64_microsoft.windows.common-controls_6595b64144ccf1df_6.0.19041.6456_none_60b8a6cb71f64256;c:\Users\Rodrigo Luiz\.vscode\extensions\redhat.java-1.47.0-win32-x64\jre\21.0.8-win32-x86_64\bin\server;C:\Users\Rodrigo Luiz\AppData\Roaming\Code\User\globalStorage\redhat.java\1.47.0\config_win\org.eclipse.equinox.launcher\org.eclipse.equinox.launcher.win32.win32.x86_64_1.2.1400.v20250801-0854;C:\Users\Rodrigo Luiz\AppData\Local\Temp\jna-478708980

VM Arguments:
jvm_args: --add-modules=ALL-SYSTEM --add-opens=java.base/java.util=ALL-UNNAMED --add-opens=java.base/java.lang=ALL-UNNAMED --add-opens=java.base/sun.nio.fs=ALL-UNNAMED -Declipse.application=org.eclipse.jdt.ls.core.id1 -Dosgi.bundles.defaultStartLevel=4 -Declipse.product=org.eclipse.jdt.ls.core.product -Djava.import.generatesMetadataFilesAtProjectRoot=false -DDetectVMInstallationsJob.disabled=true -Dfile.encoding=utf8 -XX:+UseParallelGC -XX:GCTimeRatio=4 -XX:AdaptiveSizePolicyWeight=90 -Dsun.zip.disableMemoryMapping=true -Xmx2G -Xms100m -Xlog:disable -javaagent:c:\Users\Rodrigo Luiz\.vscode\extensions\redhat.java-1.47.0-win32-x64\lombok\lombok-1.18.39-4050.jar -XX:+HeapDumpOnOutOfMemoryError -XX:HeapDumpPath=c:\Users\Rodrigo Luiz\AppData\Roaming\Code\User\workspaceStorage\7eda9bc8ac4d0420f2a13213ddb2e7c3\redhat.java -Daether.dependencyCollector.impl=bf 
java_command: c:\Users\Rodrigo Luiz\.vscode\extensions\redhat.java-1.47.0-win32-x64\server\plugins\org.eclipse.equinox.launcher_1.7.100.v20251014-1222.jar -configuration c:\Users\Rodrigo Luiz\AppData\Roaming\Code\User\globalStorage\redhat.java\1.47.0\config_win -data c:\Users\Rodrigo Luiz\AppData\Roaming\Code\User\workspaceStorage\7eda9bc8ac4d0420f2a13213ddb2e7c3\redhat.java\jdt_ws --pipe=\\.\pipe\lsp-e7eff271aad12d5f0fe79440cbfd18d0-sock
java_class_path (initial): c:\Users\Rodrigo Luiz\.vscode\extensions\redhat.java-1.47.0-win32-x64\server\plugins\org.eclipse.equinox.launcher_1.7.100.v20251014-1222.jar
Launcher Type: SUN_STANDARD

[Global flags]
    uintx AdaptiveSizePolicyWeight                 = 90                                        {product} {command line}
     intx CICompilerCount                          = 12                                        {product} {ergonomic}
    uintx GCTimeRatio                              = 4                                         {product} {command line}
     bool HeapDumpOnOutOfMemoryError               = true                                   {manageable} {command line}
    ccstr HeapDumpPath                             = c:\Users\Rodrigo Luiz\AppData\Roaming\Code\User\workspaceStorage\7eda9bc8ac4d0420f2a13213ddb2e7c3\redhat.java         {manageable} {command line}
   size_t InitialHeapSize                          = 104857600                                 {product} {command line}
   size_t MaxHeapSize                              = 2147483648                                {product} {command line}
   size_t MaxNewSize                               = 715653120                                 {product} {ergonomic}
   size_t MinHeapDeltaBytes                        = 524288                                    {product} {ergonomic}
   size_t MinHeapSize                              = 104857600                                 {product} {command line}
   size_t NewSize                                  = 34603008                                  {product} {ergonomic}
    uintx NonNMethodCodeHeapSize                   = 7602480                                {pd product} {ergonomic}
    uintx NonProfiledCodeHeapSize                  = 122027880                              {pd product} {ergonomic}
   size_t OldSize                                  = 70254592                                  {product} {ergonomic}
    uintx ProfiledCodeHeapSize                     = 122027880                              {pd product} {ergonomic}
    uintx ReservedCodeCacheSize                    = 251658240                              {pd product} {ergonomic}
     bool SegmentedCodeCache                       = true                                      {product} {ergonomic}
   size_t SoftMaxHeapSize                          = 2147483648                             {manageable} {ergonomic}
     bool UseCompressedOops                        = true                           {product lp64_product} {ergonomic}
     bool UseLargePagesIndividualAllocation        = false                                  {pd product} {ergonomic}
     bool UseParallelGC                            = true                                      {product} {command line}

Logging:
Log output configuration:
 #0: stdout all=off uptime,level,tags foldmultilines=false
 #1: stderr all=off uptime,level,tags foldmultilines=false

Environment Variables:
JAVA_HOME=C:\Program Files\Java\jdk-21
PATH=C:\Program Files\Common Files\Oracle\Java\javapath;C:\Windows\system32;C:\Windows;C:\Windows\System32\Wbem;C:\Windows\System32\WindowsPowerShell\v1.0\;C:\Windows\System32\OpenSSH\;C:\Program Files\Java\jdk-21\bin;C:\Program Files\Apache\Maven\apache-maven-3.9.11\bin;C:\Program Files\Docker\Docker\resources\bin;C:\Program Files\Git\cmd;C:\Users\Rodrigo Luiz\AppData\Local\Microsoft\WindowsApps;C:\Users\Rodrigo Luiz\AppData\Local\Programs\Microsoft VS Code\bin;C:\Users\Rodrigo Luiz\AppData\Local\GitHubDesktop\bin
USERNAME=Rodrigo Luiz
OS=Windows_NT
PROCESSOR_IDENTIFIER=AMD64 Family 25 Model 33 Stepping 2, AuthenticAMD
TMP=C:\Users\RODRIG~1\AppData\Local\Temp
TEMP=C:\Users\RODRIG~1\AppData\Local\Temp




Periodic native trim disabled

---------------  S Y S T E M  ---------------

OS:
 Windows 10 , 64 bit Build 19041 (10.0.19041.5915)
OS uptime: 0 days 12:47 hours
Hyper-V role detected

CPU: total 16 (initial active 16) (16 cores per cpu, 2 threads per core) family 25 model 33 stepping 2 microcode 0x0, cx8, cmov, fxsr, ht, mmx, 3dnowpref, sse, sse2, sse3, ssse3, sse4a, sse4.1, sse4.2, popcnt, lzcnt, tsc, tscinvbit, avx, avx2, aes, erms, clmul, bmi1, bmi2, adx, sha, fma, vzeroupper, clflush, clflushopt, hv, rdtscp, rdpid, fsrm, f16c, cet_ss
Processor Information for the first 16 processors :
  Max Mhz: 3401, Current Mhz: 3401, Mhz Limit: 3401

Memory: 4k page, system-wide physical 32694M (16063M free)
TotalPageFile size 34742M (AvailPageFile size 7391M)
current process WorkingSet (physical memory assigned to process): 688M, peak: 1835M
current process commit charge ("private bytes"): 718M, peak: 1891M

vm_info: OpenJDK 64-Bit Server VM (21.0.8+9-LTS) for windows-amd64 JRE (21.0.8+9-LTS), built on 2025-07-15T00:00:00Z by "admin" with MS VC++ 17.7 (VS2022)

END.
